2022-04-29 17:55:08 [main] INFO  main.RailwayTrainServiceApplication - Starting RailwayTrainServiceApplication using Java 17.0.1 on DESKTOP-DJEPOOM with PID 6392 (C:\Users\APPLE\git\Online-Railway-reservation-System\Railway-Train-service\target\classes started by APPLE in C:\Users\APPLE\git\Online-Railway-reservation-System\Railway-Train-service)
2022-04-29 17:55:08 [main] DEBUG main.RailwayTrainServiceApplication - Running with Spring Boot v2.6.7, Spring v5.3.19
2022-04-29 17:55:08 [main] INFO  main.RailwayTrainServiceApplication - No active profile set, falling back to 1 default profile: "default"
2022-04-29 17:55:09 [main] INFO  o.s.d.r.c.RepositoryConfigurationDelegate - Bootstrapping Spring Data MongoDB repositories in DEFAULT mode.
2022-04-29 17:55:09 [main] INFO  o.s.d.r.c.RepositoryConfigurationDelegate - Finished Spring Data repository scanning in 146 ms. Found 1 MongoDB repository interfaces.
2022-04-29 17:55:09 [main] INFO  o.s.cloud.context.scope.GenericScope - BeanFactory id=87825b1b-20b4-3c9e-ae87-437fa98f3b43
2022-04-29 17:55:10 [main] INFO  o.s.b.w.e.tomcat.TomcatWebServer - Tomcat initialized with port(s): 1111 (http)
2022-04-29 17:55:10 [main] INFO  o.a.catalina.core.StandardService - Starting service [Tomcat]
2022-04-29 17:55:10 [main] INFO  o.a.catalina.core.StandardEngine - Starting Servlet engine: [Apache Tomcat/9.0.62]
2022-04-29 17:55:10 [main] INFO  o.a.c.c.C.[Tomcat].[localhost].[/] - Initializing Spring embedded WebApplicationContext
2022-04-29 17:55:10 [main] INFO  o.s.b.w.s.c.ServletWebServerApplicationContext - Root WebApplicationContext: initialization completed in 1903 ms
2022-04-29 17:55:10 [main] INFO  org.mongodb.driver.cluster - Cluster created with settings {hosts=[127.0.0.1:27017], srvHost=myfirstcluster.gxv9p.mongodb.net, mode=MULTIPLE, requiredClusterType=REPLICA_SET, serverSelectionTimeout='30000 ms', requiredReplicaSetName='atlas-gtju53-shard-0'}
2022-04-29 17:55:10 [cluster-ClusterId{value='626bd926a2d63619c9e1a756', description='null'}-srv-myfirstcluster.gxv9p.mongodb.net] INFO  org.mongodb.driver.cluster - Adding discovered server myfirstcluster-shard-00-02.gxv9p.mongodb.net:27017 to client view of cluster
2022-04-29 17:55:10 [cluster-ClusterId{value='626bd926a2d63619c9e1a756', description='null'}-srv-myfirstcluster.gxv9p.mongodb.net] INFO  org.mongodb.driver.cluster - Adding discovered server myfirstcluster-shard-00-01.gxv9p.mongodb.net:27017 to client view of cluster
2022-04-29 17:55:10 [cluster-ClusterId{value='626bd926a2d63619c9e1a756', description='null'}-srv-myfirstcluster.gxv9p.mongodb.net] INFO  org.mongodb.driver.cluster - Adding discovered server myfirstcluster-shard-00-00.gxv9p.mongodb.net:27017 to client view of cluster
2022-04-29 17:55:10 [main] WARN  o.s.data.convert.CustomConversions - Registering converter from class java.time.LocalDateTime to class org.joda.time.LocalDateTime as reading converter although it doesn't convert from a store-supported type! You might want to check your annotation setup at the converter implementation.
2022-04-29 17:55:11 [main] WARN  o.s.data.convert.CustomConversions - Registering converter from class java.time.LocalDateTime to class org.joda.time.LocalDateTime as reading converter although it doesn't convert from a store-supported type! You might want to check your annotation setup at the converter implementation.
2022-04-29 17:55:11 [cluster-ClusterId{value='626bd926a2d63619c9e1a756', description='null'}-myfirstcluster-shard-00-02.gxv9p.mongodb.net:27017] INFO  org.mongodb.driver.connection - Opened connection [connectionId{localValue:4, serverValue:88173}] to myfirstcluster-shard-00-02.gxv9p.mongodb.net:27017
2022-04-29 17:55:11 [cluster-ClusterId{value='626bd926a2d63619c9e1a756', description='null'}-myfirstcluster-shard-00-00.gxv9p.mongodb.net:27017] INFO  org.mongodb.driver.connection - Opened connection [connectionId{localValue:1, serverValue:88728}] to myfirstcluster-shard-00-00.gxv9p.mongodb.net:27017
2022-04-29 17:55:11 [cluster-rtt-ClusterId{value='626bd926a2d63619c9e1a756', description='null'}-myfirstcluster-shard-00-02.gxv9p.mongodb.net:27017] INFO  org.mongodb.driver.connection - Opened connection [connectionId{localValue:5, serverValue:88173}] to myfirstcluster-shard-00-02.gxv9p.mongodb.net:27017
2022-04-29 17:55:11 [cluster-rtt-ClusterId{value='626bd926a2d63619c9e1a756', description='null'}-myfirstcluster-shard-00-00.gxv9p.mongodb.net:27017] INFO  org.mongodb.driver.connection - Opened connection [connectionId{localValue:3, serverValue:88728}] to myfirstcluster-shard-00-00.gxv9p.mongodb.net:27017
2022-04-29 17:55:11 [cluster-ClusterId{value='626bd926a2d63619c9e1a756', description='null'}-myfirstcluster-shard-00-01.gxv9p.mongodb.net:27017] INFO  org.mongodb.driver.connection - Opened connection [connectionId{localValue:6, serverValue:96242}] to myfirstcluster-shard-00-01.gxv9p.mongodb.net:27017
2022-04-29 17:55:11 [cluster-rtt-ClusterId{value='626bd926a2d63619c9e1a756', description='null'}-myfirstcluster-shard-00-01.gxv9p.mongodb.net:27017] INFO  org.mongodb.driver.connection - Opened connection [connectionId{localValue:2, serverValue:96242}] to myfirstcluster-shard-00-01.gxv9p.mongodb.net:27017
2022-04-29 17:55:11 [cluster-ClusterId{value='626bd926a2d63619c9e1a756', description='null'}-myfirstcluster-shard-00-02.gxv9p.mongodb.net:27017] INFO  org.mongodb.driver.cluster - Monitor thread successfully connected to server with description ServerDescription{address=myfirstcluster-shard-00-02.gxv9p.mongodb.net:27017, type=REPLICA_SET_SECONDARY, state=CONNECTED, ok=true, minWireVersion=0, maxWireVersion=13, maxDocumentSize=16777216, logicalSessionTimeoutMinutes=30, roundTripTimeNanos=373820500, setName='atlas-gtju53-shard-0', canonicalAddress=myfirstcluster-shard-00-02.gxv9p.mongodb.net:27017, hosts=[myfirstcluster-shard-00-01.gxv9p.mongodb.net:27017, myfirstcluster-shard-00-02.gxv9p.mongodb.net:27017, myfirstcluster-shard-00-00.gxv9p.mongodb.net:27017], passives=[], arbiters=[], primary='myfirstcluster-shard-00-01.gxv9p.mongodb.net:27017', tagSet=TagSet{[Tag{name='nodeType', value='ELECTABLE'}, Tag{name='provider', value='AWS'}, Tag{name='region', value='AP_SOUTH_1'}, Tag{name='workloadType', value='OPERATIONAL'}]}, electionId=null, setVersion=7, topologyVersion=TopologyVersion{processId=6268e5cfacef4ceb22af7016, counter=3}, lastWriteDate=Fri Apr 29 17:55:12 IST 2022, lastUpdateTimeNanos=13359318755900}
2022-04-29 17:55:11 [cluster-ClusterId{value='626bd926a2d63619c9e1a756', description='null'}-myfirstcluster-shard-00-01.gxv9p.mongodb.net:27017] INFO  org.mongodb.driver.cluster - Monitor thread successfully connected to server with description ServerDescription{address=myfirstcluster-shard-00-01.gxv9p.mongodb.net:27017, type=REPLICA_SET_PRIMARY, state=CONNECTED, ok=true, minWireVersion=0, maxWireVersion=13, maxDocumentSize=16777216, logicalSessionTimeoutMinutes=30, roundTripTimeNanos=366599400, setName='atlas-gtju53-shard-0', canonicalAddress=myfirstcluster-shard-00-01.gxv9p.mongodb.net:27017, hosts=[myfirstcluster-shard-00-01.gxv9p.mongodb.net:27017, myfirstcluster-shard-00-02.gxv9p.mongodb.net:27017, myfirstcluster-shard-00-00.gxv9p.mongodb.net:27017], passives=[], arbiters=[], primary='myfirstcluster-shard-00-01.gxv9p.mongodb.net:27017', tagSet=TagSet{[Tag{name='nodeType', value='ELECTABLE'}, Tag{name='provider', value='AWS'}, Tag{name='region', value='AP_SOUTH_1'}, Tag{name='workloadType', value='OPERATIONAL'}]}, electionId=7fffffff0000000000000128, setVersion=7, topologyVersion=TopologyVersion{processId=6268e4ad387877bd7d4b28ce, counter=6}, lastWriteDate=Fri Apr 29 17:55:12 IST 2022, lastUpdateTimeNanos=13359319866300}
2022-04-29 17:55:11 [cluster-ClusterId{value='626bd926a2d63619c9e1a756', description='null'}-myfirstcluster-shard-00-00.gxv9p.mongodb.net:27017] INFO  org.mongodb.driver.cluster - Monitor thread successfully connected to server with description ServerDescription{address=myfirstcluster-shard-00-00.gxv9p.mongodb.net:27017, type=REPLICA_SET_SECONDARY, state=CONNECTED, ok=true, minWireVersion=0, maxWireVersion=13, maxDocumentSize=16777216, logicalSessionTimeoutMinutes=30, roundTripTimeNanos=375158800, setName='atlas-gtju53-shard-0', canonicalAddress=myfirstcluster-shard-00-00.gxv9p.mongodb.net:27017, hosts=[myfirstcluster-shard-00-01.gxv9p.mongodb.net:27017, myfirstcluster-shard-00-02.gxv9p.mongodb.net:27017, myfirstcluster-shard-00-00.gxv9p.mongodb.net:27017], passives=[], arbiters=[], primary='myfirstcluster-shard-00-01.gxv9p.mongodb.net:27017', tagSet=TagSet{[Tag{name='nodeType', value='ELECTABLE'}, Tag{name='provider', value='AWS'}, Tag{name='region', value='AP_SOUTH_1'}, Tag{name='workloadType', value='OPERATIONAL'}]}, electionId=null, setVersion=7, topologyVersion=TopologyVersion{processId=6268e36ea6b24ba709eda5c0, counter=4}, lastWriteDate=Fri Apr 29 17:55:12 IST 2022, lastUpdateTimeNanos=13359320086600}
2022-04-29 17:55:11 [cluster-ClusterId{value='626bd926a2d63619c9e1a756', description='null'}-myfirstcluster-shard-00-01.gxv9p.mongodb.net:27017] INFO  org.mongodb.driver.cluster - Setting max election id to 7fffffff0000000000000128 from replica set primary myfirstcluster-shard-00-01.gxv9p.mongodb.net:27017
2022-04-29 17:55:11 [cluster-ClusterId{value='626bd926a2d63619c9e1a756', description='null'}-myfirstcluster-shard-00-01.gxv9p.mongodb.net:27017] INFO  org.mongodb.driver.cluster - Setting max set version to 7 from replica set primary myfirstcluster-shard-00-01.gxv9p.mongodb.net:27017
2022-04-29 17:55:11 [cluster-ClusterId{value='626bd926a2d63619c9e1a756', description='null'}-myfirstcluster-shard-00-01.gxv9p.mongodb.net:27017] INFO  org.mongodb.driver.cluster - Discovered replica set primary myfirstcluster-shard-00-01.gxv9p.mongodb.net:27017
2022-04-29 17:55:12 [main] INFO  o.s.c.n.e.c.DiscoveryClientOptionalArgsConfiguration - Eureka HTTP Client uses RestTemplate.
2022-04-29 17:55:12 [main] WARN  o.s.c.l.c.LoadBalancerCacheAutoConfiguration$LoadBalancerCaffeineWarnLogger - Spring Cloud LoadBalancer is currently working with the default cache. While this cache implementation is useful for development and tests, it's recommended to use Caffeine cache in production.You can switch to using Caffeine cache, by adding it and org.springframework.cache.caffeine.CaffeineCacheManager to the classpath.
2022-04-29 17:55:12 [main] INFO  o.s.c.n.eureka.InstanceInfoFactory - Setting initial instance status as: STARTING
2022-04-29 17:55:12 [main] INFO  c.netflix.discovery.DiscoveryClient - Initializing Eureka in region us-east-1
2022-04-29 17:55:12 [main] INFO  c.n.d.s.r.aws.ConfigClusterResolver - Resolving eureka endpoints via configuration
2022-04-29 17:55:12 [main] INFO  c.netflix.discovery.DiscoveryClient - Disable delta property : false
2022-04-29 17:55:12 [main] INFO  c.netflix.discovery.DiscoveryClient - Single vip registry refresh property : null
2022-04-29 17:55:12 [main] INFO  c.netflix.discovery.DiscoveryClient - Force full registry fetch : false
2022-04-29 17:55:12 [main] INFO  c.netflix.discovery.DiscoveryClient - Application is null : false
2022-04-29 17:55:12 [main] INFO  c.netflix.discovery.DiscoveryClient - Registered Applications size is zero : true
2022-04-29 17:55:12 [main] INFO  c.netflix.discovery.DiscoveryClient - Application version is -1: true
2022-04-29 17:55:12 [main] INFO  c.netflix.discovery.DiscoveryClient - Getting all instance registry info from the eureka server
2022-04-29 17:55:13 [main] INFO  c.netflix.discovery.DiscoveryClient - The response status is 200
2022-04-29 17:55:13 [main] INFO  c.netflix.discovery.DiscoveryClient - Starting heartbeat executor: renew interval is: 30
2022-04-29 17:55:13 [main] INFO  c.n.discovery.InstanceInfoReplicator - InstanceInfoReplicator onDemand update allowed rate per min is 4
2022-04-29 17:55:13 [main] INFO  c.netflix.discovery.DiscoveryClient - Discovery Client initialized at timestamp 1651235113362 with initial instances count: 1
2022-04-29 17:55:13 [main] INFO  o.s.c.n.e.s.EurekaServiceRegistry - Registering application TRAIN-SERVICE with eureka with status UP
2022-04-29 17:55:13 [main] INFO  c.netflix.discovery.DiscoveryClient - Saw local status change event StatusChangeEvent [timestamp=1651235113367, current=UP, previous=STARTING]
2022-04-29 17:55:13 [DiscoveryClient-InstanceInfoReplicator-0] INFO  c.netflix.discovery.DiscoveryClient - DiscoveryClient_TRAIN-SERVICE/DESKTOP-DJEPOOM:TRAIN-SERVICE:1111: registering service...
2022-04-29 17:55:13 [main] INFO  o.s.b.w.e.tomcat.TomcatWebServer - Tomcat started on port(s): 1111 (http) with context path ''
2022-04-29 17:55:13 [main] INFO  o.s.c.n.e.s.EurekaAutoServiceRegistration - Updating port to 1111
2022-04-29 17:55:13 [DiscoveryClient-InstanceInfoReplicator-0] INFO  c.netflix.discovery.DiscoveryClient - DiscoveryClient_TRAIN-SERVICE/DESKTOP-DJEPOOM:TRAIN-SERVICE:1111 - registration status: 204
2022-04-29 17:55:13 [main] INFO  main.RailwayTrainServiceApplication - Started RailwayTrainServiceApplication in 5.963 seconds (JVM running for 6.576)
2022-04-29 17:55:22 [http-nio-1111-exec-2] INFO  o.a.c.c.C.[Tomcat].[localhost].[/] - Initializing Spring DispatcherServlet 'dispatcherServlet'
2022-04-29 17:55:22 [http-nio-1111-exec-2] INFO  o.s.web.servlet.DispatcherServlet - Initializing Servlet 'dispatcherServlet'
2022-04-29 17:55:22 [http-nio-1111-exec-2] INFO  o.s.web.servlet.DispatcherServlet - Completed initialization in 1 ms
2022-04-29 17:55:22 [http-nio-1111-exec-2] DEBUG main.controller.TrainController - Exception
2022-04-29 17:55:22 [http-nio-1111-exec-2] INFO  main.service.TrainService - saving train data in db
2022-04-29 17:55:23 [http-nio-1111-exec-2] INFO  org.mongodb.driver.connection - Opened connection [connectionId{localValue:7, serverValue:96813}] to myfirstcluster-shard-00-01.gxv9p.mongodb.net:27017
2022-04-29 18:00:12 [AsyncResolver-bootstrap-executor-0] INFO  c.n.d.s.r.aws.ConfigClusterResolver - Resolving eureka endpoints via configuration
2022-04-29 18:05:12 [AsyncResolver-bootstrap-executor-0] INFO  c.n.d.s.r.aws.ConfigClusterResolver - Resolving eureka endpoints via configuration
