2022-05-14 09:09:04 [main] INFO  main.RailwayTrainServiceApplication -
				Starting RailwayTrainServiceApplication using Java 17.0.1 on DESKTOP-DJEPOOM with PID 11372 (C:\Users\APPLE\git\Online-Railway-reservation-System\Railway-Train-service\target\classes started by APPLE in C:\Users\APPLE\git\Online-Railway-reservation-System\Railway-Train-service)
2022-05-14 09:09:04 [main] DEBUG main.RailwayTrainServiceApplication -
				Running with Spring Boot v2.6.7, Spring v5.3.19
2022-05-14 09:09:04 [main] INFO  main.RailwayTrainServiceApplication -
				No active profile set, falling back to 1 default profile: "default"
2022-05-14 09:09:17 [main] INFO  main.RailwayTrainServiceApplication -
				Started RailwayTrainServiceApplication in 13.95 seconds (JVM running for 16.421)
2022-05-14 09:15:38 [http-nio-1111-exec-1] INFO  main.service.TrainService -
				checking trains between Hyderabad and Mumbai
2022-05-14 09:15:38 [http-nio-1111-exec-1] INFO  main.service.TrainService -
				getting list of trains between Hyderabad and Mumbai
2022-05-14 09:15:43 [http-nio-1111-exec-2] INFO  main.service.TrainService -
				checking train with
2022-05-14 09:15:43 [http-nio-1111-exec-2] INFO  main.service.TrainService -
				get train with
2022-05-14 09:15:43 [http-nio-1111-exec-3] INFO  main.service.TrainService -
				checking train with
2022-05-14 09:15:44 [http-nio-1111-exec-3] INFO  main.service.TrainService -
				get train with
2022-05-14 09:16:30 [http-nio-1111-exec-6] INFO  main.service.TrainService -
				checking trains between Hyderabad and Mumbai
2022-05-14 09:16:30 [http-nio-1111-exec-6] INFO  main.service.TrainService -
				getting list of trains between Hyderabad and Mumbai
2022-05-14 09:16:37 [http-nio-1111-exec-9] INFO  main.service.TrainService -
				checking train with
2022-05-14 09:16:37 [http-nio-1111-exec-8] INFO  main.service.TrainService -
				checking train with
2022-05-14 09:16:37 [http-nio-1111-exec-8] INFO  main.service.TrainService -
				get train with
2022-05-14 09:16:37 [http-nio-1111-exec-9] INFO  main.service.TrainService -
				get train with
2022-05-14 11:49:26 [http-nio-1111-exec-3] INFO  main.service.TrainService -
				saving train data in DB
2022-05-14 11:49:30 [http-nio-1111-exec-3] INFO  main.service.TrainService -
				Saved in db
2022-05-14 12:28:36 [main] INFO  main.RailwayTrainServiceApplication -
				Starting RailwayTrainServiceApplication using Java 17.0.1 on DESKTOP-DJEPOOM with PID 2780 (C:\Users\APPLE\git\Online-Railway-reservation-System\Railway-Train-service\target\classes started by APPLE in C:\Users\APPLE\git\Online-Railway-reservation-System\Railway-Train-service)
2022-05-14 12:28:36 [main] DEBUG main.RailwayTrainServiceApplication -
				Running with Spring Boot v2.6.7, Spring v5.3.19
2022-05-14 12:28:36 [main] INFO  main.RailwayTrainServiceApplication -
				No active profile set, falling back to 1 default profile: "default"
2022-05-14 12:29:10 [main] INFO  main.RailwayTrainServiceApplication -
				Started RailwayTrainServiceApplication in 34.687 seconds (JVM running for 36.507)
2022-05-14 12:29:32 [main] INFO  main.RailwayTrainServiceApplication -
				Starting RailwayTrainServiceApplication using Java 17.0.1 on DESKTOP-DJEPOOM with PID 12560 (C:\Users\APPLE\git\Online-Railway-reservation-System\Railway-Train-service\target\classes started by APPLE in C:\Users\APPLE\git\Online-Railway-reservation-System\Railway-Train-service)
2022-05-14 12:29:32 [main] DEBUG main.RailwayTrainServiceApplication -
				Running with Spring Boot v2.6.7, Spring v5.3.19
2022-05-14 12:29:32 [main] INFO  main.RailwayTrainServiceApplication -
				No active profile set, falling back to 1 default profile: "default"
2022-05-14 12:29:38 [main] INFO  main.RailwayTrainServiceApplication -
				Started RailwayTrainServiceApplication in 6.224 seconds (JVM running for 7.036)
