2022-05-12 04:22:42 [main] INFO  main.RailwayTrainServiceApplication -
				Starting RailwayTrainServiceApplication using Java 17.0.1 on DESKTOP-DJEPOOM with PID 13048 (C:\Users\APPLE\git\Online-Railway-reservation-System\Railway-Train-service\target\classes started by APPLE in C:\Users\APPLE\git\Online-Railway-reservation-System\Railway-Train-service)
2022-05-12 04:22:42 [main] DEBUG main.RailwayTrainServiceApplication -
				Running with Spring Boot v2.6.7, Spring v5.3.19
2022-05-12 04:22:42 [main] INFO  main.RailwayTrainServiceApplication -
				No active profile set, falling back to 1 default profile: "default"
2022-05-12 04:23:26 [main] INFO  main.RailwayTrainServiceApplication -
				Started RailwayTrainServiceApplication in 46.925 seconds (JVM running for 57.887)
2022-05-12 04:25:02 [http-nio-1111-exec-1] INFO  main.service.TrainService -
				checking trains between Hyderabad and Mumbai
2022-05-12 04:25:02 [http-nio-1111-exec-1] INFO  main.service.TrainService -
				getting list of trains between Hyderabad and Mumbai
2022-05-12 04:25:04 [http-nio-1111-exec-2] INFO  main.service.TrainService -
				checking train with
2022-05-12 04:25:04 [http-nio-1111-exec-2] INFO  main.service.TrainService -
				get train with
2022-05-12 04:26:14 [http-nio-1111-exec-4] INFO  main.service.TrainService -
				checking train with
2022-05-12 04:26:14 [http-nio-1111-exec-4] INFO  main.service.TrainService -
				get train with
2022-05-12 04:29:08 [http-nio-1111-exec-6] INFO  main.service.TrainService -
				checking train with
2022-05-12 04:29:08 [http-nio-1111-exec-6] INFO  main.service.TrainService -
				get train with
2022-05-12 04:30:07 [http-nio-1111-exec-8] INFO  main.service.TrainService -
				checking train with
2022-05-12 04:30:07 [http-nio-1111-exec-8] INFO  main.service.TrainService -
				get train with
2022-05-12 04:31:24 [http-nio-1111-exec-10] INFO  main.service.TrainService -
				checking train with
2022-05-12 04:31:24 [http-nio-1111-exec-10] INFO  main.service.TrainService -
				get train with
2022-05-12 04:34:18 [http-nio-1111-exec-2] INFO  main.service.TrainService -
				checking train with
2022-05-12 04:34:18 [http-nio-1111-exec-2] INFO  main.service.TrainService -
				get train with
2022-05-12 04:37:41 [http-nio-1111-exec-4] INFO  main.service.TrainService -
				checking train with
2022-05-12 04:37:41 [http-nio-1111-exec-4] INFO  main.service.TrainService -
				get train with
2022-05-12 04:38:07 [http-nio-1111-exec-6] INFO  main.service.TrainService -
				checking train with
2022-05-12 04:38:07 [http-nio-1111-exec-6] INFO  main.service.TrainService -
				get train with
2022-05-12 05:02:47 [http-nio-1111-exec-8] INFO  main.service.TrainService -
				checking train with
2022-05-12 05:02:47 [http-nio-1111-exec-8] INFO  main.service.TrainService -
				get train with
2022-05-12 05:06:22 [http-nio-1111-exec-10] INFO  main.service.TrainService -
				checking train with
2022-05-12 05:06:22 [http-nio-1111-exec-10] INFO  main.service.TrainService -
				get train with
2022-05-12 05:08:26 [http-nio-1111-exec-2] INFO  main.service.TrainService -
				checking train with
2022-05-12 05:08:26 [http-nio-1111-exec-2] INFO  main.service.TrainService -
				get train with
2022-05-12 05:12:37 [http-nio-1111-exec-4] INFO  main.service.TrainService -
				checking train with
2022-05-12 05:12:37 [http-nio-1111-exec-4] INFO  main.service.TrainService -
				get train with
2022-05-12 05:15:50 [http-nio-1111-exec-6] INFO  main.service.TrainService -
				checking train with
2022-05-12 05:15:50 [http-nio-1111-exec-6] INFO  main.service.TrainService -
				get train with
2022-05-12 05:19:48 [http-nio-1111-exec-8] INFO  main.service.TrainService -
				checking train with
2022-05-12 05:19:48 [http-nio-1111-exec-8] INFO  main.service.TrainService -
				get train with
2022-05-12 05:20:01 [http-nio-1111-exec-9] INFO  main.service.TrainService -
				checking train with
2022-05-12 05:20:01 [http-nio-1111-exec-9] INFO  main.service.TrainService -
				get train with
2022-05-12 05:21:54 [http-nio-1111-exec-1] INFO  main.service.TrainService -
				checking train with
2022-05-12 05:21:54 [http-nio-1111-exec-1] INFO  main.service.TrainService -
				get train with
2022-05-12 05:27:02 [http-nio-1111-exec-3] INFO  main.service.TrainService -
				checking train with
2022-05-12 05:27:02 [http-nio-1111-exec-3] INFO  main.service.TrainService -
				get train with
2022-05-12 05:27:54 [http-nio-1111-exec-4] INFO  main.service.TrainService -
				checking train with
2022-05-12 05:27:54 [http-nio-1111-exec-4] INFO  main.service.TrainService -
				get train with
2022-05-12 05:28:47 [http-nio-1111-exec-5] INFO  main.service.TrainService -
				checking train with
2022-05-12 05:28:47 [http-nio-1111-exec-5] INFO  main.service.TrainService -
				get train with
2022-05-12 05:29:39 [http-nio-1111-exec-6] INFO  main.service.TrainService -
				checking train with
2022-05-12 05:29:39 [http-nio-1111-exec-6] INFO  main.service.TrainService -
				get train with
2022-05-12 05:33:00 [http-nio-1111-exec-8] INFO  main.service.TrainService -
				checking train with
2022-05-12 05:33:00 [http-nio-1111-exec-8] INFO  main.service.TrainService -
				get train with
2022-05-12 05:51:30 [http-nio-1111-exec-10] INFO  main.service.TrainService -
				checking train with
2022-05-12 05:51:30 [http-nio-1111-exec-10] INFO  main.service.TrainService -
				get train with
2022-05-12 05:51:45 [http-nio-1111-exec-2] INFO  main.service.TrainService -
				checking train with
2022-05-12 05:51:45 [http-nio-1111-exec-2] INFO  main.service.TrainService -
				get train with
2022-05-12 05:52:18 [http-nio-1111-exec-4] INFO  main.service.TrainService -
				checking train with
2022-05-12 05:52:18 [http-nio-1111-exec-4] INFO  main.service.TrainService -
				get train with
2022-05-12 05:52:55 [http-nio-1111-exec-6] INFO  main.service.TrainService -
				checking train with
2022-05-12 05:52:55 [http-nio-1111-exec-6] INFO  main.service.TrainService -
				get train with
2022-05-12 05:53:12 [http-nio-1111-exec-8] INFO  main.service.TrainService -
				checking train with
2022-05-12 05:53:12 [http-nio-1111-exec-8] INFO  main.service.TrainService -
				get train with
2022-05-12 05:53:58 [http-nio-1111-exec-10] INFO  main.service.TrainService -
				checking train with
2022-05-12 05:53:58 [http-nio-1111-exec-10] INFO  main.service.TrainService -
				get train with
2022-05-12 05:54:27 [http-nio-1111-exec-2] INFO  main.service.TrainService -
				checking train with
2022-05-12 05:54:27 [http-nio-1111-exec-2] INFO  main.service.TrainService -
				get train with
2022-05-12 06:25:37 [http-nio-1111-exec-4] INFO  main.service.TrainService -
				checking train with
2022-05-12 06:25:37 [http-nio-1111-exec-4] INFO  main.service.TrainService -
				get train with
2022-05-12 06:31:10 [http-nio-1111-exec-6] INFO  main.service.TrainService -
				checking train with
2022-05-12 06:31:10 [http-nio-1111-exec-6] INFO  main.service.TrainService -
				get train with
2022-05-12 06:34:07 [http-nio-1111-exec-8] INFO  main.service.TrainService -
				checking train with
2022-05-12 06:34:07 [http-nio-1111-exec-8] INFO  main.service.TrainService -
				get train with
2022-05-12 06:35:40 [http-nio-1111-exec-10] INFO  main.service.TrainService -
				checking train with
2022-05-12 06:35:40 [http-nio-1111-exec-10] INFO  main.service.TrainService -
				get train with
2022-05-12 06:41:01 [http-nio-1111-exec-2] INFO  main.service.TrainService -
				checking train with
2022-05-12 06:41:01 [http-nio-1111-exec-2] INFO  main.service.TrainService -
				get train with
2022-05-12 06:41:31 [http-nio-1111-exec-4] INFO  main.service.TrainService -
				checking train with
2022-05-12 06:41:31 [http-nio-1111-exec-4] INFO  main.service.TrainService -
				get train with
2022-05-12 06:42:01 [http-nio-1111-exec-6] INFO  main.service.TrainService -
				checking train with
2022-05-12 06:42:01 [http-nio-1111-exec-6] INFO  main.service.TrainService -
				get train with
2022-05-12 06:45:35 [http-nio-1111-exec-8] INFO  main.service.TrainService -
				checking train with
2022-05-12 06:45:36 [http-nio-1111-exec-8] INFO  main.service.TrainService -
				get train with
2022-05-12 07:02:54 [http-nio-1111-exec-10] INFO  main.service.TrainService -
				checking train with
2022-05-12 07:02:57 [http-nio-1111-exec-10] INFO  main.service.TrainService -
				get train with
2022-05-12 07:05:06 [http-nio-1111-exec-2] INFO  main.service.TrainService -
				checking train with
2022-05-12 07:05:06 [http-nio-1111-exec-2] INFO  main.service.TrainService -
				get train with
2022-05-12 07:27:24 [http-nio-1111-exec-4] INFO  main.service.TrainService -
				checking train with
2022-05-12 07:27:25 [http-nio-1111-exec-4] INFO  main.service.TrainService -
				get train with
2022-05-12 07:28:10 [http-nio-1111-exec-6] INFO  main.service.TrainService -
				checking train with
2022-05-12 07:28:10 [http-nio-1111-exec-6] INFO  main.service.TrainService -
				get train with
2022-05-12 07:29:42 [http-nio-1111-exec-8] INFO  main.service.TrainService -
				checking train with
2022-05-12 07:29:42 [http-nio-1111-exec-8] INFO  main.service.TrainService -
				get train with
2022-05-12 07:32:42 [http-nio-1111-exec-10] INFO  main.service.TrainService -
				checking train with
2022-05-12 07:32:42 [http-nio-1111-exec-10] INFO  main.service.TrainService -
				get train with
2022-05-12 07:37:15 [http-nio-1111-exec-2] INFO  main.service.TrainService -
				checking train with
2022-05-12 07:37:15 [http-nio-1111-exec-2] INFO  main.service.TrainService -
				get train with
2022-05-12 08:26:10 [http-nio-1111-exec-4] INFO  main.service.TrainService -
				checking train with
2022-05-12 08:26:11 [http-nio-1111-exec-4] INFO  main.service.TrainService -
				get train with
2022-05-12 09:02:15 [main] INFO  main.RailwayTrainServiceApplication -
				Starting RailwayTrainServiceApplication using Java 17.0.1 on DESKTOP-DJEPOOM with PID 14616 (C:\Users\APPLE\git\Online-Railway-reservation-System\Railway-Train-service\target\classes started by APPLE in C:\Users\APPLE\git\Online-Railway-reservation-System\Railway-Train-service)
2022-05-12 09:02:15 [main] DEBUG main.RailwayTrainServiceApplication -
				Running with Spring Boot v2.6.7, Spring v5.3.19
2022-05-12 09:02:15 [main] INFO  main.RailwayTrainServiceApplication -
				No active profile set, falling back to 1 default profile: "default"
2022-05-12 09:04:03 [main] INFO  main.RailwayTrainServiceApplication -
				Starting RailwayTrainServiceApplication using Java 17.0.1 on DESKTOP-DJEPOOM with PID 11288 (C:\Users\APPLE\git\Online-Railway-reservation-System\Railway-Train-service\target\classes started by APPLE in C:\Users\APPLE\git\Online-Railway-reservation-System\Railway-Train-service)
2022-05-12 09:04:03 [main] DEBUG main.RailwayTrainServiceApplication -
				Running with Spring Boot v2.6.7, Spring v5.3.19
2022-05-12 09:04:03 [main] INFO  main.RailwayTrainServiceApplication -
				No active profile set, falling back to 1 default profile: "default"
2022-05-12 09:32:10 [main] INFO  main.RailwayTrainServiceApplication -
				Starting RailwayTrainServiceApplication using Java 17.0.1 on DESKTOP-DJEPOOM with PID 9184 (C:\Users\APPLE\git\Online-Railway-reservation-System\Railway-Train-service\target\classes started by APPLE in C:\Users\APPLE\git\Online-Railway-reservation-System\Railway-Train-service)
2022-05-12 09:32:10 [main] DEBUG main.RailwayTrainServiceApplication -
				Running with Spring Boot v2.6.7, Spring v5.3.19
2022-05-12 09:32:10 [main] INFO  main.RailwayTrainServiceApplication -
				No active profile set, falling back to 1 default profile: "default"
2022-05-12 09:32:18 [main] INFO  main.RailwayTrainServiceApplication -
				Started RailwayTrainServiceApplication in 7.914 seconds (JVM running for 9.289)
2022-05-12 09:58:02 [http-nio-1111-exec-1] INFO  main.service.TrainService -
				checking train with
2022-05-12 09:58:02 [http-nio-1111-exec-1] INFO  main.service.TrainService -
				get train with
2022-05-12 10:16:29 [http-nio-1111-exec-3] INFO  main.service.TrainService -
				checking train with
2022-05-12 10:16:29 [http-nio-1111-exec-3] INFO  main.service.TrainService -
				get train with
2022-05-12 10:29:37 [http-nio-1111-exec-5] INFO  main.service.TrainService -
				checking trains between Hyderabad and Mumbai
2022-05-12 10:29:37 [http-nio-1111-exec-5] INFO  main.service.TrainService -
				getting list of trains between Hyderabad and Mumbai
2022-05-12 10:29:41 [http-nio-1111-exec-7] INFO  main.service.TrainService -
				checking train with
2022-05-12 10:29:41 [http-nio-1111-exec-7] INFO  main.service.TrainService -
				get train with
2022-05-12 10:32:21 [http-nio-1111-exec-9] INFO  main.service.TrainService -
				checking train with
2022-05-12 10:32:21 [http-nio-1111-exec-9] INFO  main.service.TrainService -
				get train with
2022-05-12 10:35:23 [http-nio-1111-exec-1] INFO  main.service.TrainService -
				checking train with
2022-05-12 10:35:23 [http-nio-1111-exec-1] INFO  main.service.TrainService -
				get train with
2022-05-12 10:36:30 [http-nio-1111-exec-3] INFO  main.service.TrainService -
				checking train with
2022-05-12 10:36:30 [http-nio-1111-exec-3] INFO  main.service.TrainService -
				get train with
2022-05-12 10:37:05 [http-nio-1111-exec-5] INFO  main.service.TrainService -
				checking train with
2022-05-12 10:37:05 [http-nio-1111-exec-5] INFO  main.service.TrainService -
				get train with
2022-05-12 10:38:16 [http-nio-1111-exec-7] INFO  main.service.TrainService -
				checking train with
2022-05-12 10:38:16 [http-nio-1111-exec-7] INFO  main.service.TrainService -
				get train with
2022-05-12 10:38:52 [http-nio-1111-exec-9] INFO  main.service.TrainService -
				checking train with
2022-05-12 10:38:52 [http-nio-1111-exec-9] INFO  main.service.TrainService -
				get train with
2022-05-12 10:41:54 [http-nio-1111-exec-1] INFO  main.service.TrainService -
				checking train with
2022-05-12 10:41:54 [http-nio-1111-exec-1] INFO  main.service.TrainService -
				get train with
2022-05-12 10:43:04 [http-nio-1111-exec-3] INFO  main.service.TrainService -
				checking train with
2022-05-12 10:43:04 [http-nio-1111-exec-3] INFO  main.service.TrainService -
				get train with
2022-05-12 10:46:52 [http-nio-1111-exec-5] INFO  main.service.TrainService -
				checking train with
2022-05-12 10:46:52 [http-nio-1111-exec-5] INFO  main.service.TrainService -
				get train with
2022-05-12 10:51:24 [http-nio-1111-exec-7] INFO  main.service.TrainService -
				checking train with
2022-05-12 10:51:24 [http-nio-1111-exec-7] INFO  main.service.TrainService -
				get train with
2022-05-12 10:52:37 [http-nio-1111-exec-9] INFO  main.service.TrainService -
				checking train with
2022-05-12 10:52:37 [http-nio-1111-exec-9] INFO  main.service.TrainService -
				get train with
2022-05-12 10:54:47 [http-nio-1111-exec-1] INFO  main.service.TrainService -
				checking train with
2022-05-12 10:54:47 [http-nio-1111-exec-1] INFO  main.service.TrainService -
				get train with
2022-05-12 10:54:53 [http-nio-1111-exec-2] INFO  main.service.TrainService -
				checking train with
2022-05-12 10:54:53 [http-nio-1111-exec-2] INFO  main.service.TrainService -
				get train with
2022-05-12 10:57:41 [http-nio-1111-exec-4] INFO  main.service.TrainService -
				checking train with
2022-05-12 10:57:41 [http-nio-1111-exec-4] INFO  main.service.TrainService -
				get train with
2022-05-12 10:58:17 [http-nio-1111-exec-5] INFO  main.service.TrainService -
				checking train with
2022-05-12 10:58:17 [http-nio-1111-exec-5] INFO  main.service.TrainService -
				get train with
2022-05-12 10:58:39 [http-nio-1111-exec-6] INFO  main.service.TrainService -
				checking train with
2022-05-12 10:58:39 [http-nio-1111-exec-6] INFO  main.service.TrainService -
				get train with
2022-05-12 10:59:14 [http-nio-1111-exec-7] INFO  main.service.TrainService -
				checking train with
2022-05-12 10:59:14 [http-nio-1111-exec-7] INFO  main.service.TrainService -
				get train with
2022-05-12 11:00:38 [http-nio-1111-exec-9] INFO  main.service.TrainService -
				checking train with
2022-05-12 11:00:38 [http-nio-1111-exec-9] INFO  main.service.TrainService -
				get train with
2022-05-12 11:00:58 [http-nio-1111-exec-1] INFO  main.service.TrainService -
				checking train with
2022-05-12 11:00:58 [http-nio-1111-exec-1] INFO  main.service.TrainService -
				get train with
2022-05-12 11:01:17 [http-nio-1111-exec-2] INFO  main.service.TrainService -
				checking train with
2022-05-12 11:01:17 [http-nio-1111-exec-2] INFO  main.service.TrainService -
				get train with
2022-05-12 11:05:18 [http-nio-1111-exec-4] INFO  main.service.TrainService -
				checking train with
2022-05-12 11:05:18 [http-nio-1111-exec-4] INFO  main.service.TrainService -
				get train with
2022-05-12 11:05:51 [http-nio-1111-exec-6] INFO  main.service.TrainService -
				checking train with
2022-05-12 11:05:51 [http-nio-1111-exec-6] INFO  main.service.TrainService -
				get train with
2022-05-12 11:06:11 [http-nio-1111-exec-7] INFO  main.service.TrainService -
				checking train with
2022-05-12 11:06:11 [http-nio-1111-exec-7] INFO  main.service.TrainService -
				get train with
2022-05-12 11:06:20 [http-nio-1111-exec-8] INFO  main.service.TrainService -
				checking train with
2022-05-12 11:06:20 [http-nio-1111-exec-8] INFO  main.service.TrainService -
				get train with
2022-05-12 11:06:41 [http-nio-1111-exec-10] INFO  main.service.TrainService -
				checking train with
2022-05-12 11:06:41 [http-nio-1111-exec-10] INFO  main.service.TrainService -
				get train with
2022-05-12 11:07:09 [http-nio-1111-exec-1] INFO  main.service.TrainService -
				checking train with
2022-05-12 11:07:09 [http-nio-1111-exec-1] INFO  main.service.TrainService -
				get train with
2022-05-12 11:07:19 [http-nio-1111-exec-2] INFO  main.service.TrainService -
				checking train with
2022-05-12 11:07:19 [http-nio-1111-exec-2] INFO  main.service.TrainService -
				get train with
2022-05-12 11:07:58 [http-nio-1111-exec-4] INFO  main.service.TrainService -
				checking train with
2022-05-12 11:07:58 [http-nio-1111-exec-4] INFO  main.service.TrainService -
				get train with
2022-05-12 11:08:34 [http-nio-1111-exec-6] INFO  main.service.TrainService -
				checking train with
2022-05-12 11:08:34 [http-nio-1111-exec-6] INFO  main.service.TrainService -
				get train with
2022-05-12 11:08:45 [http-nio-1111-exec-7] INFO  main.service.TrainService -
				checking train with
2022-05-12 11:08:45 [http-nio-1111-exec-7] INFO  main.service.TrainService -
				get train with
2022-05-12 11:09:02 [http-nio-1111-exec-8] INFO  main.service.TrainService -
				checking train with
2022-05-12 11:09:02 [http-nio-1111-exec-8] INFO  main.service.TrainService -
				get train with
2022-05-12 11:09:12 [http-nio-1111-exec-9] INFO  main.service.TrainService -
				checking train with
2022-05-12 11:09:12 [http-nio-1111-exec-9] INFO  main.service.TrainService -
				get train with
2022-05-12 11:09:24 [http-nio-1111-exec-10] INFO  main.service.TrainService -
				checking train with
2022-05-12 11:09:24 [http-nio-1111-exec-10] INFO  main.service.TrainService -
				get train with
2022-05-12 11:11:34 [http-nio-1111-exec-2] INFO  main.service.TrainService -
				checking train with
2022-05-12 11:11:34 [http-nio-1111-exec-2] INFO  main.service.TrainService -
				get train with
2022-05-12 11:11:49 [http-nio-1111-exec-3] INFO  main.service.TrainService -
				checking train with
2022-05-12 11:11:49 [http-nio-1111-exec-3] INFO  main.service.TrainService -
				get train with
2022-05-12 11:12:04 [http-nio-1111-exec-4] INFO  main.service.TrainService -
				checking train with
2022-05-12 11:12:04 [http-nio-1111-exec-4] INFO  main.service.TrainService -
				get train with
2022-05-12 11:12:31 [http-nio-1111-exec-5] INFO  main.service.TrainService -
				checking train with
2022-05-12 11:12:31 [http-nio-1111-exec-5] INFO  main.service.TrainService -
				get train with
2022-05-12 11:12:53 [http-nio-1111-exec-6] INFO  main.service.TrainService -
				checking train with
2022-05-12 11:12:53 [http-nio-1111-exec-6] INFO  main.service.TrainService -
				get train with
2022-05-12 11:13:45 [http-nio-1111-exec-7] INFO  main.service.TrainService -
				checking train with
2022-05-12 11:13:45 [http-nio-1111-exec-7] INFO  main.service.TrainService -
				get train with
2022-05-12 11:14:22 [http-nio-1111-exec-8] INFO  main.service.TrainService -
				checking train with
2022-05-12 11:14:22 [http-nio-1111-exec-8] INFO  main.service.TrainService -
				get train with
2022-05-12 11:14:38 [http-nio-1111-exec-9] INFO  main.service.TrainService -
				checking train with
2022-05-12 11:14:38 [http-nio-1111-exec-9] INFO  main.service.TrainService -
				get train with
2022-05-12 11:14:56 [http-nio-1111-exec-10] INFO  main.service.TrainService -
				checking train with
2022-05-12 11:14:56 [http-nio-1111-exec-10] INFO  main.service.TrainService -
				get train with
2022-05-12 11:15:03 [http-nio-1111-exec-1] INFO  main.service.TrainService -
				checking train with
2022-05-12 11:15:03 [http-nio-1111-exec-1] INFO  main.service.TrainService -
				get train with
2022-05-12 11:15:18 [http-nio-1111-exec-2] INFO  main.service.TrainService -
				checking train with
2022-05-12 11:15:18 [http-nio-1111-exec-2] INFO  main.service.TrainService -
				get train with
2022-05-12 11:28:23 [http-nio-1111-exec-4] INFO  main.service.TrainService -
				checking train with
2022-05-12 11:28:23 [http-nio-1111-exec-4] INFO  main.service.TrainService -
				get train with
2022-05-12 11:28:28 [http-nio-1111-exec-5] INFO  main.service.TrainService -
				checking train with
2022-05-12 11:28:28 [http-nio-1111-exec-5] INFO  main.service.TrainService -
				get train with
2022-05-12 11:29:51 [http-nio-1111-exec-7] INFO  main.service.TrainService -
				checking train with
2022-05-12 11:29:51 [http-nio-1111-exec-7] INFO  main.service.TrainService -
				get train with
2022-05-12 11:29:51 [http-nio-1111-exec-8] INFO  main.service.TrainService -
				checking train with
2022-05-12 11:29:51 [http-nio-1111-exec-8] INFO  main.service.TrainService -
				get train with
2022-05-12 11:30:22 [http-nio-1111-exec-9] INFO  main.service.TrainService -
				checking train with
2022-05-12 11:30:22 [http-nio-1111-exec-9] INFO  main.service.TrainService -
				get train with
2022-05-12 11:30:22 [http-nio-1111-exec-10] INFO  main.service.TrainService -
				checking train with
2022-05-12 11:30:22 [http-nio-1111-exec-10] INFO  main.service.TrainService -
				get train with
2022-05-12 11:30:38 [http-nio-1111-exec-1] INFO  main.service.TrainService -
				checking train with
2022-05-12 11:30:38 [http-nio-1111-exec-1] INFO  main.service.TrainService -
				get train with
2022-05-12 11:30:38 [http-nio-1111-exec-2] INFO  main.service.TrainService -
				checking train with
2022-05-12 11:30:38 [http-nio-1111-exec-2] INFO  main.service.TrainService -
				get train with
2022-05-12 11:31:10 [http-nio-1111-exec-3] INFO  main.service.TrainService -
				checking train with
2022-05-12 11:31:10 [http-nio-1111-exec-3] INFO  main.service.TrainService -
				get train with
2022-05-12 11:31:10 [http-nio-1111-exec-4] INFO  main.service.TrainService -
				checking train with
2022-05-12 11:31:10 [http-nio-1111-exec-4] INFO  main.service.TrainService -
				get train with
2022-05-12 11:31:14 [http-nio-1111-exec-5] INFO  main.service.TrainService -
				checking train with
2022-05-12 11:31:14 [http-nio-1111-exec-5] INFO  main.service.TrainService -
				get train with
2022-05-12 11:31:14 [http-nio-1111-exec-6] INFO  main.service.TrainService -
				checking train with
2022-05-12 11:31:14 [http-nio-1111-exec-6] INFO  main.service.TrainService -
				get train with
2022-05-12 11:31:18 [http-nio-1111-exec-7] INFO  main.service.TrainService -
				checking train with
2022-05-12 11:31:18 [http-nio-1111-exec-7] INFO  main.service.TrainService -
				get train with
2022-05-12 11:31:18 [http-nio-1111-exec-8] INFO  main.service.TrainService -
				checking train with
2022-05-12 11:31:18 [http-nio-1111-exec-8] INFO  main.service.TrainService -
				get train with
2022-05-12 11:31:22 [http-nio-1111-exec-10] INFO  main.service.TrainService -
				checking train with
2022-05-12 11:31:22 [http-nio-1111-exec-10] INFO  main.service.TrainService -
				get train with
2022-05-12 11:31:23 [http-nio-1111-exec-1] INFO  main.service.TrainService -
				checking train with
2022-05-12 11:31:23 [http-nio-1111-exec-1] INFO  main.service.TrainService -
				get train with
2022-05-12 11:31:27 [http-nio-1111-exec-2] INFO  main.service.TrainService -
				checking train with
2022-05-12 11:31:27 [http-nio-1111-exec-2] INFO  main.service.TrainService -
				get train with
2022-05-12 11:31:27 [http-nio-1111-exec-3] INFO  main.service.TrainService -
				checking train with
2022-05-12 11:31:27 [http-nio-1111-exec-3] INFO  main.service.TrainService -
				get train with
2022-05-12 11:31:35 [http-nio-1111-exec-5] INFO  main.service.TrainService -
				checking train with
2022-05-12 11:31:35 [http-nio-1111-exec-5] INFO  main.service.TrainService -
				get train with
2022-05-12 11:31:35 [http-nio-1111-exec-6] INFO  main.service.TrainService -
				checking train with
2022-05-12 11:31:35 [http-nio-1111-exec-6] INFO  main.service.TrainService -
				get train with
2022-05-12 11:31:39 [http-nio-1111-exec-7] INFO  main.service.TrainService -
				checking train with
2022-05-12 11:31:39 [http-nio-1111-exec-7] INFO  main.service.TrainService -
				get train with
2022-05-12 11:31:39 [http-nio-1111-exec-8] INFO  main.service.TrainService -
				checking train with
2022-05-12 11:31:39 [http-nio-1111-exec-8] INFO  main.service.TrainService -
				get train with
2022-05-12 11:35:52 [http-nio-1111-exec-10] INFO  main.service.TrainService -
				checking train with
2022-05-12 11:35:52 [http-nio-1111-exec-10] INFO  main.service.TrainService -
				get train with
2022-05-12 11:35:52 [http-nio-1111-exec-1] INFO  main.service.TrainService -
				checking train with
2022-05-12 11:35:52 [http-nio-1111-exec-1] INFO  main.service.TrainService -
				get train with
2022-05-12 11:36:11 [http-nio-1111-exec-3] INFO  main.service.TrainService -
				checking train with
2022-05-12 11:36:11 [http-nio-1111-exec-3] INFO  main.service.TrainService -
				get train with
2022-05-12 11:36:11 [http-nio-1111-exec-4] INFO  main.service.TrainService -
				checking train with
2022-05-12 11:36:11 [http-nio-1111-exec-4] INFO  main.service.TrainService -
				get train with
2022-05-12 11:36:55 [http-nio-1111-exec-6] INFO  main.service.TrainService -
				checking train with
2022-05-12 11:36:55 [http-nio-1111-exec-6] INFO  main.service.TrainService -
				get train with
2022-05-12 11:36:56 [http-nio-1111-exec-8] INFO  main.service.TrainService -
				checking train with
2022-05-12 11:36:56 [http-nio-1111-exec-8] INFO  main.service.TrainService -
				get train with
2022-05-12 11:49:41 [http-nio-1111-exec-10] INFO  main.service.TrainService -
				checking train with
2022-05-12 11:49:41 [http-nio-1111-exec-10] INFO  main.service.TrainService -
				get train with
2022-05-12 11:49:42 [http-nio-1111-exec-1] INFO  main.service.TrainService -
				checking train with
2022-05-12 11:49:42 [http-nio-1111-exec-1] INFO  main.service.TrainService -
				get train with
2022-05-12 11:51:34 [http-nio-1111-exec-3] INFO  main.service.TrainService -
				checking train with
2022-05-12 11:51:34 [http-nio-1111-exec-3] INFO  main.service.TrainService -
				get train with
2022-05-12 11:53:49 [http-nio-1111-exec-5] INFO  main.service.TrainService -
				checking train with
2022-05-12 11:53:49 [http-nio-1111-exec-5] INFO  main.service.TrainService -
				get train with
2022-05-12 11:53:54 [http-nio-1111-exec-6] INFO  main.service.TrainService -
				checking train with
2022-05-12 11:53:54 [http-nio-1111-exec-6] INFO  main.service.TrainService -
				get train with
2022-05-12 11:59:53 [http-nio-1111-exec-8] INFO  main.service.TrainService -
				checking train with
2022-05-12 11:59:53 [http-nio-1111-exec-8] INFO  main.service.TrainService -
				get train with
2022-05-12 12:00:25 [http-nio-1111-exec-9] INFO  main.service.TrainService -
				checking train with
2022-05-12 12:00:25 [http-nio-1111-exec-9] INFO  main.service.TrainService -
				get train with
2022-05-12 12:12:07 [main] INFO  main.RailwayTrainServiceApplication -
				Starting RailwayTrainServiceApplication using Java 17.0.1 on DESKTOP-DJEPOOM with PID 5216 (C:\Users\APPLE\git\Online-Railway-reservation-System\Railway-Train-service\target\classes started by APPLE in C:\Users\APPLE\git\Online-Railway-reservation-System\Railway-Train-service)
2022-05-12 12:12:07 [main] DEBUG main.RailwayTrainServiceApplication -
				Running with Spring Boot v2.6.7, Spring v5.3.19
2022-05-12 12:12:07 [main] INFO  main.RailwayTrainServiceApplication -
				No active profile set, falling back to 1 default profile: "default"
2022-05-12 12:12:39 [main] INFO  main.RailwayTrainServiceApplication -
				Started RailwayTrainServiceApplication in 32.971 seconds (JVM running for 40.795)
2022-05-12 12:17:04 [http-nio-1111-exec-1] INFO  main.service.TrainService -
				checking train with
2022-05-12 12:17:04 [http-nio-1111-exec-1] INFO  main.service.TrainService -
				get train with
2022-05-12 12:18:52 [http-nio-1111-exec-3] INFO  main.service.TrainService -
				checking train with
2022-05-12 12:18:52 [http-nio-1111-exec-3] INFO  main.service.TrainService -
				get train with
2022-05-12 12:27:25 [http-nio-1111-exec-5] INFO  main.service.TrainService -
				checking train with
2022-05-12 12:27:25 [http-nio-1111-exec-5] INFO  main.service.TrainService -
				get train with
2022-05-12 12:27:31 [http-nio-1111-exec-6] INFO  main.service.TrainService -
				checking train with
2022-05-12 12:27:31 [http-nio-1111-exec-6] INFO  main.service.TrainService -
				get train with
2022-05-12 12:27:33 [http-nio-1111-exec-7] INFO  main.service.TrainService -
				checking train with
2022-05-12 12:27:33 [http-nio-1111-exec-7] INFO  main.service.TrainService -
				get train with
2022-05-12 12:27:50 [main] INFO  main.RailwayTrainServiceApplication -
				Starting RailwayTrainServiceApplication using Java 17.0.1 on DESKTOP-DJEPOOM with PID 14284 (C:\Users\APPLE\git\Online-Railway-reservation-System\Railway-Train-service\target\classes started by APPLE in C:\Users\APPLE\git\Online-Railway-reservation-System\Railway-Train-service)
2022-05-12 12:27:50 [main] DEBUG main.RailwayTrainServiceApplication -
				Running with Spring Boot v2.6.7, Spring v5.3.19
2022-05-12 12:27:50 [main] INFO  main.RailwayTrainServiceApplication -
				No active profile set, falling back to 1 default profile: "default"
2022-05-12 12:27:59 [main] INFO  main.RailwayTrainServiceApplication -
				Started RailwayTrainServiceApplication in 10.089 seconds (JVM running for 10.904)
2022-05-12 12:28:31 [http-nio-1111-exec-1] INFO  main.service.TrainService -
				checking train with
2022-05-12 12:28:31 [http-nio-1111-exec-1] INFO  main.service.TrainService -
				get train with
2022-05-12 12:32:03 [http-nio-1111-exec-3] INFO  main.service.TrainService -
				checking train with
2022-05-12 12:32:03 [http-nio-1111-exec-3] INFO  main.service.TrainService -
				get train with
2022-05-12 12:34:23 [http-nio-1111-exec-5] INFO  main.service.TrainService -
				checking train with
2022-05-12 12:34:23 [http-nio-1111-exec-5] INFO  main.service.TrainService -
				get train with
2022-05-12 12:37:30 [http-nio-1111-exec-7] INFO  main.service.TrainService -
				checking train with
2022-05-12 12:37:30 [http-nio-1111-exec-7] INFO  main.service.TrainService -
				get train with
2022-05-12 12:37:30 [http-nio-1111-exec-8] INFO  main.service.TrainService -
				checking train with
2022-05-12 12:37:30 [http-nio-1111-exec-8] INFO  main.service.TrainService -
				get train with
2022-05-12 12:37:45 [http-nio-1111-exec-2] INFO  main.service.TrainService -
				checking train with
2022-05-12 12:37:45 [http-nio-1111-exec-2] INFO  main.service.TrainService -
				get train with
2022-05-12 12:37:45 [http-nio-1111-exec-1] INFO  main.service.TrainService -
				checking train with
2022-05-12 12:37:45 [http-nio-1111-exec-1] INFO  main.service.TrainService -
				get train with
2022-05-12 12:38:28 [http-nio-1111-exec-6] INFO  main.service.TrainService -
				checking train with
2022-05-12 12:38:28 [http-nio-1111-exec-5] INFO  main.service.TrainService -
				checking train with
2022-05-12 12:38:28 [http-nio-1111-exec-6] INFO  main.service.TrainService -
				get train with
2022-05-12 12:38:28 [http-nio-1111-exec-5] INFO  main.service.TrainService -
				get train with
2022-05-12 12:39:37 [main] INFO  main.RailwayTrainServiceApplication -
				Starting RailwayTrainServiceApplication using Java 17.0.1 on DESKTOP-DJEPOOM with PID 10924 (C:\Users\APPLE\git\Online-Railway-reservation-System\Railway-Train-service\target\classes started by APPLE in C:\Users\APPLE\git\Online-Railway-reservation-System\Railway-Train-service)
2022-05-12 12:39:37 [main] DEBUG main.RailwayTrainServiceApplication -
				Running with Spring Boot v2.6.7, Spring v5.3.19
2022-05-12 12:39:37 [main] INFO  main.RailwayTrainServiceApplication -
				No active profile set, falling back to 1 default profile: "default"
2022-05-12 12:39:51 [main] INFO  main.RailwayTrainServiceApplication -
				Started RailwayTrainServiceApplication in 15.96 seconds (JVM running for 18.186)
2022-05-12 12:40:01 [http-nio-1111-exec-1] INFO  main.service.TrainService -
				checking train with
2022-05-12 12:40:01 [http-nio-1111-exec-2] INFO  main.service.TrainService -
				checking train with
2022-05-12 12:40:01 [http-nio-1111-exec-2] INFO  main.service.TrainService -
				get train with
2022-05-12 12:40:01 [http-nio-1111-exec-1] INFO  main.service.TrainService -
				get train with
2022-05-12 12:40:37 [http-nio-1111-exec-5] INFO  main.service.TrainService -
				checking train with
2022-05-12 12:40:37 [http-nio-1111-exec-5] INFO  main.service.TrainService -
				get train with
2022-05-12 12:40:37 [http-nio-1111-exec-6] INFO  main.service.TrainService -
				checking train with
2022-05-12 12:40:37 [http-nio-1111-exec-6] INFO  main.service.TrainService -
				get train with
2022-05-12 12:41:46 [http-nio-1111-exec-9] INFO  main.service.TrainService -
				checking train with
2022-05-12 12:41:46 [http-nio-1111-exec-9] INFO  main.service.TrainService -
				get train with
2022-05-12 12:41:46 [http-nio-1111-exec-10] INFO  main.service.TrainService -
				checking train with
2022-05-12 12:41:46 [http-nio-1111-exec-10] INFO  main.service.TrainService -
				get train with
2022-05-12 12:45:40 [http-nio-1111-exec-4] INFO  main.service.TrainService -
				checking train with
2022-05-12 12:45:40 [http-nio-1111-exec-4] INFO  main.service.TrainService -
				get train with
2022-05-12 12:45:40 [http-nio-1111-exec-3] INFO  main.service.TrainService -
				checking train with
2022-05-12 12:45:40 [http-nio-1111-exec-3] INFO  main.service.TrainService -
				get train with
2022-05-12 12:52:06 [main] INFO  main.RailwayTrainServiceApplication -
				Starting RailwayTrainServiceApplication using Java 17.0.1 on DESKTOP-DJEPOOM with PID 12316 (C:\Users\APPLE\git\Online-Railway-reservation-System\Railway-Train-service\target\classes started by APPLE in C:\Users\APPLE\git\Online-Railway-reservation-System\Railway-Train-service)
2022-05-12 12:52:06 [main] DEBUG main.RailwayTrainServiceApplication -
				Running with Spring Boot v2.6.7, Spring v5.3.19
2022-05-12 12:52:06 [main] INFO  main.RailwayTrainServiceApplication -
				No active profile set, falling back to 1 default profile: "default"
2022-05-12 12:52:16 [main] INFO  main.RailwayTrainServiceApplication -
				Started RailwayTrainServiceApplication in 12.278 seconds (JVM running for 16.403)
2022-05-12 12:54:33 [http-nio-1111-exec-2] INFO  main.service.TrainService -
				checking train with
2022-05-12 12:54:33 [http-nio-1111-exec-3] INFO  main.service.TrainService -
				checking train with
2022-05-12 12:54:33 [http-nio-1111-exec-2] INFO  main.service.TrainService -
				get train with
2022-05-12 12:54:33 [http-nio-1111-exec-3] INFO  main.service.TrainService -
				get train with
2022-05-12 12:54:45 [http-nio-1111-exec-4] INFO  main.service.TrainService -
				checking train with
2022-05-12 12:54:45 [http-nio-1111-exec-4] INFO  main.service.TrainService -
				get train with
2022-05-12 12:54:45 [http-nio-1111-exec-1] INFO  main.service.TrainService -
				checking train with
2022-05-12 12:54:45 [http-nio-1111-exec-1] INFO  main.service.TrainService -
				get train with
2022-05-12 12:55:10 [http-nio-1111-exec-8] INFO  main.service.TrainService -
				checking train with
2022-05-12 12:55:10 [http-nio-1111-exec-9] INFO  main.service.TrainService -
				checking train with
2022-05-12 12:55:10 [http-nio-1111-exec-8] INFO  main.service.TrainService -
				get train with
2022-05-12 12:55:10 [http-nio-1111-exec-9] INFO  main.service.TrainService -
				get train with
2022-05-12 13:03:42 [main] INFO  main.RailwayTrainServiceApplication -
				Starting RailwayTrainServiceApplication using Java 17.0.1 on DESKTOP-DJEPOOM with PID 13424 (C:\Users\APPLE\git\Online-Railway-reservation-System\Railway-Train-service\target\classes started by APPLE in C:\Users\APPLE\git\Online-Railway-reservation-System\Railway-Train-service)
2022-05-12 13:03:42 [main] DEBUG main.RailwayTrainServiceApplication -
				Running with Spring Boot v2.6.7, Spring v5.3.19
2022-05-12 13:03:42 [main] INFO  main.RailwayTrainServiceApplication -
				No active profile set, falling back to 1 default profile: "default"
2022-05-12 13:04:18 [main] INFO  main.RailwayTrainServiceApplication -
				Started RailwayTrainServiceApplication in 40.141 seconds (JVM running for 41.941)
2022-05-12 13:11:07 [main] INFO  main.RailwayTrainServiceApplication -
				Starting RailwayTrainServiceApplication using Java 17.0.1 on DESKTOP-DJEPOOM with PID 12824 (C:\Users\APPLE\git\Online-Railway-reservation-System\Railway-Train-service\target\classes started by APPLE in C:\Users\APPLE\git\Online-Railway-reservation-System\Railway-Train-service)
2022-05-12 13:11:07 [main] DEBUG main.RailwayTrainServiceApplication -
				Running with Spring Boot v2.6.7, Spring v5.3.19
2022-05-12 13:11:07 [main] INFO  main.RailwayTrainServiceApplication -
				No active profile set, falling back to 1 default profile: "default"
2022-05-12 13:11:14 [main] INFO  main.RailwayTrainServiceApplication -
				Started RailwayTrainServiceApplication in 8.02 seconds (JVM running for 9.429)
2022-05-12 13:12:37 [http-nio-1111-exec-2] INFO  main.service.TrainService -
				checking train with
2022-05-12 13:12:37 [http-nio-1111-exec-1] INFO  main.service.TrainService -
				checking train with
2022-05-12 13:12:37 [http-nio-1111-exec-2] INFO  main.service.TrainService -
				get train with
2022-05-12 13:12:37 [http-nio-1111-exec-1] INFO  main.service.TrainService -
				get train with
2022-05-12 13:13:07 [http-nio-1111-exec-5] INFO  main.service.TrainService -
				checking train with
2022-05-12 13:13:07 [http-nio-1111-exec-6] INFO  main.service.TrainService -
				checking train with
2022-05-12 13:13:07 [http-nio-1111-exec-6] INFO  main.service.TrainService -
				get train with
2022-05-12 13:13:07 [http-nio-1111-exec-5] INFO  main.service.TrainService -
				get train with
2022-05-12 13:15:22 [http-nio-1111-exec-10] INFO  main.service.TrainService -
				checking train with
2022-05-12 13:15:22 [http-nio-1111-exec-9] INFO  main.service.TrainService -
				checking train with
2022-05-12 13:15:22 [http-nio-1111-exec-10] INFO  main.service.TrainService -
				get train with
2022-05-12 13:15:22 [http-nio-1111-exec-9] INFO  main.service.TrainService -
				get train with
2022-05-12 13:15:56 [http-nio-1111-exec-4] INFO  main.service.TrainService -
				checking train with
2022-05-12 13:15:56 [http-nio-1111-exec-4] INFO  main.service.TrainService -
				get train with
2022-05-12 13:15:57 [http-nio-1111-exec-3] INFO  main.service.TrainService -
				checking train with
2022-05-12 13:15:57 [http-nio-1111-exec-3] INFO  main.service.TrainService -
				get train with
2022-05-12 13:16:58 [http-nio-1111-exec-7] INFO  main.service.TrainService -
				checking train with
2022-05-12 13:16:58 [http-nio-1111-exec-8] INFO  main.service.TrainService -
				checking train with
2022-05-12 13:16:58 [http-nio-1111-exec-7] INFO  main.service.TrainService -
				get train with
2022-05-12 13:16:58 [http-nio-1111-exec-8] INFO  main.service.TrainService -
				get train with
2022-05-12 13:18:01 [http-nio-1111-exec-1] INFO  main.service.TrainService -
				checking train with
2022-05-12 13:18:01 [http-nio-1111-exec-1] INFO  main.service.TrainService -
				get train with
2022-05-12 13:18:01 [http-nio-1111-exec-2] INFO  main.service.TrainService -
				checking train with
2022-05-12 13:18:01 [http-nio-1111-exec-2] INFO  main.service.TrainService -
				get train with
2022-05-12 13:18:13 [http-nio-1111-exec-6] INFO  main.service.TrainService -
				checking train with
2022-05-12 13:18:13 [http-nio-1111-exec-5] INFO  main.service.TrainService -
				checking train with
2022-05-12 13:18:13 [http-nio-1111-exec-6] INFO  main.service.TrainService -
				get train with
2022-05-12 13:18:13 [http-nio-1111-exec-5] INFO  main.service.TrainService -
				get train with
2022-05-12 13:20:07 [main] INFO  main.RailwayTrainServiceApplication -
				Starting RailwayTrainServiceApplication using Java 17.0.1 on DESKTOP-DJEPOOM with PID 16276 (C:\Users\APPLE\git\Online-Railway-reservation-System\Railway-Train-service\target\classes started by APPLE in C:\Users\APPLE\git\Online-Railway-reservation-System\Railway-Train-service)
2022-05-12 13:20:07 [main] DEBUG main.RailwayTrainServiceApplication -
				Running with Spring Boot v2.6.7, Spring v5.3.19
2022-05-12 13:20:07 [main] INFO  main.RailwayTrainServiceApplication -
				No active profile set, falling back to 1 default profile: "default"
2022-05-12 13:20:14 [main] INFO  main.RailwayTrainServiceApplication -
				Started RailwayTrainServiceApplication in 8.128 seconds (JVM running for 9.051)
2022-05-12 13:25:32 [http-nio-1111-exec-2] INFO  main.service.TrainService -
				checking train with
2022-05-12 13:25:32 [http-nio-1111-exec-1] INFO  main.service.TrainService -
				checking train with
2022-05-12 13:25:32 [http-nio-1111-exec-2] INFO  main.service.TrainService -
				get train with
2022-05-12 13:25:32 [http-nio-1111-exec-1] INFO  main.service.TrainService -
				get train with
2022-05-12 13:27:47 [http-nio-1111-exec-5] INFO  main.service.TrainService -
				checking train with
2022-05-12 13:27:47 [http-nio-1111-exec-6] INFO  main.service.TrainService -
				checking train with
2022-05-12 13:27:47 [http-nio-1111-exec-6] INFO  main.service.TrainService -
				get train with
2022-05-12 13:27:47 [http-nio-1111-exec-5] INFO  main.service.TrainService -
				get train with
2022-05-12 13:27:54 [http-nio-1111-exec-10] INFO  main.service.TrainService -
				checking train with
2022-05-12 13:27:54 [http-nio-1111-exec-10] INFO  main.service.TrainService -
				get train with
2022-05-12 13:27:54 [http-nio-1111-exec-9] INFO  main.service.TrainService -
				checking train with
2022-05-12 13:27:54 [http-nio-1111-exec-9] INFO  main.service.TrainService -
				get train with
2022-05-12 13:28:06 [http-nio-1111-exec-4] INFO  main.service.TrainService -
				checking train with
2022-05-12 13:28:06 [http-nio-1111-exec-4] INFO  main.service.TrainService -
				get train with
2022-05-12 13:28:06 [http-nio-1111-exec-3] INFO  main.service.TrainService -
				checking train with
2022-05-12 13:28:06 [http-nio-1111-exec-3] INFO  main.service.TrainService -
				get train with
2022-05-12 13:30:04 [http-nio-1111-exec-8] INFO  main.service.TrainService -
				checking train with
2022-05-12 13:30:04 [http-nio-1111-exec-7] INFO  main.service.TrainService -
				checking train with
2022-05-12 13:30:04 [http-nio-1111-exec-8] INFO  main.service.TrainService -
				get train with
2022-05-12 13:30:04 [http-nio-1111-exec-7] INFO  main.service.TrainService -
				get train with
2022-05-12 13:31:25 [http-nio-1111-exec-1] INFO  main.service.TrainService -
				checking train with
2022-05-12 13:31:25 [http-nio-1111-exec-2] INFO  main.service.TrainService -
				checking train with
2022-05-12 13:31:25 [http-nio-1111-exec-1] INFO  main.service.TrainService -
				get train with
2022-05-12 13:31:25 [http-nio-1111-exec-2] INFO  main.service.TrainService -
				get train with
2022-05-12 13:31:33 [http-nio-1111-exec-4] INFO  main.service.TrainService -
				checking train with
2022-05-12 13:31:33 [http-nio-1111-exec-3] INFO  main.service.TrainService -
				checking train with
2022-05-12 13:31:33 [http-nio-1111-exec-4] INFO  main.service.TrainService -
				get train with
2022-05-12 13:31:33 [http-nio-1111-exec-3] INFO  main.service.TrainService -
				get train with
2022-05-12 13:41:11 [http-nio-1111-exec-8] INFO  main.service.TrainService -
				checking train with
2022-05-12 13:41:11 [http-nio-1111-exec-8] INFO  main.service.TrainService -
				get train with
2022-05-12 13:41:11 [http-nio-1111-exec-7] INFO  main.service.TrainService -
				checking train with
2022-05-12 13:41:11 [http-nio-1111-exec-7] INFO  main.service.TrainService -
				get train with
2022-05-12 13:43:16 [http-nio-1111-exec-1] INFO  main.service.TrainService -
				checking train with
2022-05-12 13:43:16 [http-nio-1111-exec-2] INFO  main.service.TrainService -
				checking train with
2022-05-12 13:43:16 [http-nio-1111-exec-1] INFO  main.service.TrainService -
				get train with
2022-05-12 13:43:16 [http-nio-1111-exec-2] INFO  main.service.TrainService -
				get train with
2022-05-12 13:44:08 [http-nio-1111-exec-5] INFO  main.service.TrainService -
				checking train with
2022-05-12 13:44:08 [http-nio-1111-exec-5] INFO  main.service.TrainService -
				get train with
2022-05-12 13:44:08 [http-nio-1111-exec-6] INFO  main.service.TrainService -
				checking train with
2022-05-12 13:44:08 [http-nio-1111-exec-6] INFO  main.service.TrainService -
				get train with
2022-05-12 13:53:28 [http-nio-1111-exec-10] INFO  main.service.TrainService -
				checking if its empty or not
2022-05-12 13:53:28 [http-nio-1111-exec-9] INFO  main.service.TrainService -
				checking if its empty or not
2022-05-12 13:53:28 [http-nio-1111-exec-9] INFO  main.service.TrainService -
				Not empty and return list of trains
2022-05-12 13:53:28 [http-nio-1111-exec-10] INFO  main.service.TrainService -
				Not empty and return list of trains
2022-05-12 14:52:01 [http-nio-1111-exec-3] INFO  main.service.TrainService -
				checking if its empty or not
2022-05-12 14:52:01 [http-nio-1111-exec-3] INFO  main.service.TrainService -
				Not empty and return list of trains
2022-05-12 14:52:03 [http-nio-1111-exec-4] INFO  main.service.TrainService -
				checking if its empty or not
2022-05-12 14:52:03 [http-nio-1111-exec-4] INFO  main.service.TrainService -
				Not empty and return list of trains
2022-05-12 15:01:34 [http-nio-1111-exec-7] INFO  main.service.TrainService -
				checking trains between Hyderabad and Mumbai
2022-05-12 15:01:34 [http-nio-1111-exec-7] INFO  main.service.TrainService -
				getting list of trains between Hyderabad and Mumbai
2022-05-12 15:01:37 [http-nio-1111-exec-8] INFO  main.service.TrainService -
				checking train with
2022-05-12 15:01:37 [http-nio-1111-exec-8] INFO  main.service.TrainService -
				get train with
2022-05-12 15:01:37 [http-nio-1111-exec-10] INFO  main.service.TrainService -
				checking train with
2022-05-12 15:01:37 [http-nio-1111-exec-10] INFO  main.service.TrainService -
				get train with
2022-05-12 16:18:08 [http-nio-1111-exec-5] INFO  main.service.TrainService -
				checking train with
2022-05-12 16:18:08 [http-nio-1111-exec-2] INFO  main.service.TrainService -
				checking train with
2022-05-12 16:18:08 [http-nio-1111-exec-5] INFO  main.service.TrainService -
				get train with
2022-05-12 16:18:08 [http-nio-1111-exec-2] INFO  main.service.TrainService -
				get train with
2022-05-12 16:26:45 [http-nio-1111-exec-6] INFO  main.service.TrainService -
				checking train with
2022-05-12 16:26:45 [http-nio-1111-exec-6] INFO  main.service.TrainService -
				get train with
2022-05-12 16:26:45 [http-nio-1111-exec-7] INFO  main.service.TrainService -
				checking train with
2022-05-12 16:26:45 [http-nio-1111-exec-7] INFO  main.service.TrainService -
				get train with
2022-05-12 16:27:29 [http-nio-1111-exec-10] INFO  main.service.TrainService -
				checking train with
2022-05-12 16:27:29 [http-nio-1111-exec-10] INFO  main.service.TrainService -
				get train with
2022-05-12 16:27:29 [http-nio-1111-exec-8] INFO  main.service.TrainService -
				checking train with
2022-05-12 16:27:30 [http-nio-1111-exec-8] INFO  main.service.TrainService -
				get train with
2022-05-12 16:27:45 [http-nio-1111-exec-5] INFO  main.service.TrainService -
				checking train with
2022-05-12 16:27:45 [http-nio-1111-exec-5] INFO  main.service.TrainService -
				get train with
2022-05-12 16:27:46 [http-nio-1111-exec-2] INFO  main.service.TrainService -
				checking train with
2022-05-12 16:27:46 [http-nio-1111-exec-2] INFO  main.service.TrainService -
				get train with
2022-05-12 16:28:39 [http-nio-1111-exec-6] INFO  main.service.TrainService -
				checking train with
2022-05-12 16:28:39 [http-nio-1111-exec-6] INFO  main.service.TrainService -
				get train with
2022-05-12 16:28:39 [http-nio-1111-exec-7] INFO  main.service.TrainService -
				checking train with
2022-05-12 16:28:39 [http-nio-1111-exec-7] INFO  main.service.TrainService -
				get train with
2022-05-12 16:30:52 [http-nio-1111-exec-1] INFO  main.service.TrainService -
				checking train with
2022-05-12 16:30:52 [http-nio-1111-exec-1] INFO  main.service.TrainService -
				get train with
2022-05-12 16:30:53 [http-nio-1111-exec-9] INFO  main.service.TrainService -
				checking train with
2022-05-12 16:30:53 [http-nio-1111-exec-9] INFO  main.service.TrainService -
				get train with
2022-05-12 16:32:17 [http-nio-1111-exec-4] INFO  main.service.TrainService -
				checking train with
2022-05-12 16:32:17 [http-nio-1111-exec-4] INFO  main.service.TrainService -
				get train with
2022-05-12 16:32:17 [http-nio-1111-exec-3] INFO  main.service.TrainService -
				checking train with
2022-05-12 16:32:17 [http-nio-1111-exec-3] INFO  main.service.TrainService -
				get train with
2022-05-12 16:32:49 [http-nio-1111-exec-6] INFO  main.service.TrainService -
				checking train with
2022-05-12 16:32:49 [http-nio-1111-exec-6] INFO  main.service.TrainService -
				get train with
2022-05-12 16:32:50 [http-nio-1111-exec-7] INFO  main.service.TrainService -
				checking train with
2022-05-12 16:32:50 [http-nio-1111-exec-7] INFO  main.service.TrainService -
				get train with
2022-05-12 16:33:18 [http-nio-1111-exec-1] INFO  main.service.TrainService -
				checking train with
2022-05-12 16:33:18 [http-nio-1111-exec-1] INFO  main.service.TrainService -
				get train with
2022-05-12 16:33:18 [http-nio-1111-exec-9] INFO  main.service.TrainService -
				checking train with
2022-05-12 16:33:18 [http-nio-1111-exec-9] INFO  main.service.TrainService -
				get train with
2022-05-12 16:33:57 [http-nio-1111-exec-3] INFO  main.service.TrainService -
				checking train with
2022-05-12 16:33:57 [http-nio-1111-exec-3] INFO  main.service.TrainService -
				get train with
2022-05-12 16:33:58 [http-nio-1111-exec-4] INFO  main.service.TrainService -
				checking train with
2022-05-12 16:33:58 [http-nio-1111-exec-4] INFO  main.service.TrainService -
				get train with
2022-05-12 16:35:06 [http-nio-1111-exec-10] INFO  main.service.TrainService -
				checking train with
2022-05-12 16:35:06 [http-nio-1111-exec-10] INFO  main.service.TrainService -
				get train with
2022-05-12 16:35:06 [http-nio-1111-exec-8] INFO  main.service.TrainService -
				checking train with
2022-05-12 16:35:06 [http-nio-1111-exec-8] INFO  main.service.TrainService -
				get train with
2022-05-12 16:35:34 [http-nio-1111-exec-2] INFO  main.service.TrainService -
				checking train with
2022-05-12 16:35:34 [http-nio-1111-exec-2] INFO  main.service.TrainService -
				get train with
2022-05-12 16:35:35 [http-nio-1111-exec-5] INFO  main.service.TrainService -
				checking train with
2022-05-12 16:35:35 [http-nio-1111-exec-5] INFO  main.service.TrainService -
				get train with
2022-05-12 16:35:58 [http-nio-1111-exec-6] INFO  main.service.TrainService -
				checking train with
2022-05-12 16:35:58 [http-nio-1111-exec-6] INFO  main.service.TrainService -
				get train with
2022-05-12 16:35:58 [http-nio-1111-exec-7] INFO  main.service.TrainService -
				checking train with
2022-05-12 16:35:58 [http-nio-1111-exec-7] INFO  main.service.TrainService -
				get train with
2022-05-12 16:38:08 [http-nio-1111-exec-1] INFO  main.service.TrainService -
				checking train with
2022-05-12 16:38:08 [http-nio-1111-exec-1] INFO  main.service.TrainService -
				get train with
2022-05-12 16:38:08 [http-nio-1111-exec-9] INFO  main.service.TrainService -
				checking train with
2022-05-12 16:38:08 [http-nio-1111-exec-9] INFO  main.service.TrainService -
				get train with
2022-05-12 16:41:20 [http-nio-1111-exec-4] INFO  main.service.TrainService -
				checking train with
2022-05-12 16:41:20 [http-nio-1111-exec-4] INFO  main.service.TrainService -
				get train with
2022-05-12 16:41:20 [http-nio-1111-exec-3] INFO  main.service.TrainService -
				checking train with
2022-05-12 16:41:20 [http-nio-1111-exec-3] INFO  main.service.TrainService -
				get train with
2022-05-12 16:42:17 [http-nio-1111-exec-6] INFO  main.service.TrainService -
				checking train with
2022-05-12 16:42:17 [http-nio-1111-exec-6] INFO  main.service.TrainService -
				get train with
2022-05-12 16:45:17 [http-nio-1111-exec-9] INFO  main.service.TrainService -
				checking train with
2022-05-12 16:45:17 [http-nio-1111-exec-9] INFO  main.service.TrainService -
				get train with
2022-05-12 16:45:17 [http-nio-1111-exec-1] INFO  main.service.TrainService -
				checking train with
2022-05-12 16:45:17 [http-nio-1111-exec-1] INFO  main.service.TrainService -
				get train with
2022-05-12 16:46:26 [http-nio-1111-exec-3] INFO  main.service.TrainService -
				checking train with
2022-05-12 16:46:26 [http-nio-1111-exec-3] INFO  main.service.TrainService -
				get train with
2022-05-12 16:46:26 [http-nio-1111-exec-4] INFO  main.service.TrainService -
				checking train with
2022-05-12 16:46:26 [http-nio-1111-exec-4] INFO  main.service.TrainService -
				get train with
2022-05-12 16:47:43 [http-nio-1111-exec-8] INFO  main.service.TrainService -
				checking train with
2022-05-12 16:47:43 [http-nio-1111-exec-8] INFO  main.service.TrainService -
				get train with
2022-05-12 16:47:43 [http-nio-1111-exec-7] INFO  main.service.TrainService -
				checking train with
2022-05-12 16:47:43 [http-nio-1111-exec-7] INFO  main.service.TrainService -
				get train with
2022-05-12 16:48:02 [http-nio-1111-exec-9] INFO  main.service.TrainService -
				checking train with
2022-05-12 16:48:02 [http-nio-1111-exec-9] INFO  main.service.TrainService -
				get train with
2022-05-12 16:49:26 [http-nio-1111-exec-3] INFO  main.service.TrainService -
				checking train with
2022-05-12 16:49:26 [http-nio-1111-exec-3] INFO  main.service.TrainService -
				get train with
2022-05-12 16:49:27 [http-nio-1111-exec-4] INFO  main.service.TrainService -
				checking train with
2022-05-12 16:49:27 [http-nio-1111-exec-4] INFO  main.service.TrainService -
				get train with
2022-05-12 16:50:54 [http-nio-1111-exec-8] INFO  main.service.TrainService -
				checking train with
2022-05-12 16:50:54 [http-nio-1111-exec-8] INFO  main.service.TrainService -
				get train with
2022-05-12 16:50:54 [http-nio-1111-exec-7] INFO  main.service.TrainService -
				checking train with
2022-05-12 16:50:54 [http-nio-1111-exec-7] INFO  main.service.TrainService -
				get train with
2022-05-12 16:51:15 [http-nio-1111-exec-2] INFO  main.service.TrainService -
				checking train with
2022-05-12 16:51:15 [http-nio-1111-exec-2] INFO  main.service.TrainService -
				get train with
2022-05-12 16:54:24 [http-nio-1111-exec-3] INFO  main.service.TrainService -
				checking train with
2022-05-12 16:54:24 [http-nio-1111-exec-3] INFO  main.service.TrainService -
				get train with
2022-05-12 16:54:24 [http-nio-1111-exec-4] INFO  main.service.TrainService -
				checking train with
2022-05-12 16:54:24 [http-nio-1111-exec-4] INFO  main.service.TrainService -
				get train with
2022-05-12 16:55:22 [http-nio-1111-exec-8] INFO  main.service.TrainService -
				checking train with
2022-05-12 16:55:22 [http-nio-1111-exec-8] INFO  main.service.TrainService -
				get train with
2022-05-12 16:55:22 [http-nio-1111-exec-7] INFO  main.service.TrainService -
				checking train with
2022-05-12 16:55:22 [http-nio-1111-exec-7] INFO  main.service.TrainService -
				get train with
2022-05-12 16:55:33 [http-nio-1111-exec-5] INFO  main.service.TrainService -
				checking train with
2022-05-12 16:55:33 [http-nio-1111-exec-5] INFO  main.service.TrainService -
				get train with
2022-05-12 16:55:34 [http-nio-1111-exec-2] INFO  main.service.TrainService -
				checking train with
2022-05-12 16:55:34 [http-nio-1111-exec-2] INFO  main.service.TrainService -
				get train with
2022-05-12 16:56:28 [http-nio-1111-exec-6] INFO  main.service.TrainService -
				checking train with
2022-05-12 16:56:28 [http-nio-1111-exec-10] INFO  main.service.TrainService -
				checking train with
2022-05-12 16:56:28 [http-nio-1111-exec-6] INFO  main.service.TrainService -
				get train with
2022-05-12 16:56:28 [http-nio-1111-exec-10] INFO  main.service.TrainService -
				get train with
2022-05-12 16:56:55 [http-nio-1111-exec-9] INFO  main.service.TrainService -
				checking train with
2022-05-12 16:56:55 [http-nio-1111-exec-1] INFO  main.service.TrainService -
				checking train with
2022-05-12 16:56:55 [http-nio-1111-exec-9] INFO  main.service.TrainService -
				get train with
2022-05-12 16:56:55 [http-nio-1111-exec-1] INFO  main.service.TrainService -
				get train with
2022-05-12 16:57:03 [http-nio-1111-exec-4] INFO  main.service.TrainService -
				checking train with
2022-05-12 16:57:03 [http-nio-1111-exec-3] INFO  main.service.TrainService -
				checking train with
2022-05-12 16:57:03 [http-nio-1111-exec-4] INFO  main.service.TrainService -
				get train with
2022-05-12 16:57:03 [http-nio-1111-exec-3] INFO  main.service.TrainService -
				get train with
2022-05-12 16:58:44 [http-nio-1111-exec-7] INFO  main.service.TrainService -
				checking train with
2022-05-12 16:58:44 [http-nio-1111-exec-8] INFO  main.service.TrainService -
				checking train with
2022-05-12 16:58:44 [http-nio-1111-exec-7] INFO  main.service.TrainService -
				get train with
2022-05-12 16:58:44 [http-nio-1111-exec-8] INFO  main.service.TrainService -
				get train with
2022-05-12 16:59:33 [http-nio-1111-exec-5] INFO  main.service.TrainService -
				checking train with
2022-05-12 16:59:33 [http-nio-1111-exec-5] INFO  main.service.TrainService -
				get train with
2022-05-12 16:59:34 [http-nio-1111-exec-2] INFO  main.service.TrainService -
				checking train with
2022-05-12 16:59:34 [http-nio-1111-exec-2] INFO  main.service.TrainService -
				get train with
2022-05-12 16:59:59 [http-nio-1111-exec-6] INFO  main.service.TrainService -
				checking train with
2022-05-12 16:59:59 [http-nio-1111-exec-6] INFO  main.service.TrainService -
				get train with
2022-05-12 16:59:59 [http-nio-1111-exec-10] INFO  main.service.TrainService -
				checking train with
2022-05-12 16:59:59 [http-nio-1111-exec-10] INFO  main.service.TrainService -
				get train with
2022-05-12 17:00:41 [http-nio-1111-exec-1] INFO  main.service.TrainService -
				checking train with
2022-05-12 17:00:41 [http-nio-1111-exec-1] INFO  main.service.TrainService -
				get train with
2022-05-12 17:00:41 [http-nio-1111-exec-9] INFO  main.service.TrainService -
				checking train with
2022-05-12 17:00:41 [http-nio-1111-exec-9] INFO  main.service.TrainService -
				get train with
2022-05-12 17:01:08 [http-nio-1111-exec-3] INFO  main.service.TrainService -
				checking train with
2022-05-12 17:01:08 [http-nio-1111-exec-4] INFO  main.service.TrainService -
				checking train with
2022-05-12 17:01:08 [http-nio-1111-exec-3] INFO  main.service.TrainService -
				get train with
2022-05-12 17:01:08 [http-nio-1111-exec-4] INFO  main.service.TrainService -
				get train with
2022-05-12 17:13:21 [http-nio-1111-exec-7] INFO  main.service.TrainService -
				checking train with
2022-05-12 17:13:21 [http-nio-1111-exec-7] INFO  main.service.TrainService -
				get train with
2022-05-12 17:13:21 [http-nio-1111-exec-8] INFO  main.service.TrainService -
				checking train with
2022-05-12 17:13:21 [http-nio-1111-exec-8] INFO  main.service.TrainService -
				get train with
2022-05-12 17:13:47 [http-nio-1111-exec-5] INFO  main.service.TrainService -
				checking train with
2022-05-12 17:13:47 [http-nio-1111-exec-2] INFO  main.service.TrainService -
				checking train with
2022-05-12 17:13:47 [http-nio-1111-exec-5] INFO  main.service.TrainService -
				get train with
2022-05-12 17:13:47 [http-nio-1111-exec-2] INFO  main.service.TrainService -
				get train with
2022-05-12 17:14:07 [http-nio-1111-exec-10] INFO  main.service.TrainService -
				checking train with
2022-05-12 17:14:07 [http-nio-1111-exec-10] INFO  main.service.TrainService -
				get train with
2022-05-12 17:14:07 [http-nio-1111-exec-6] INFO  main.service.TrainService -
				checking train with
2022-05-12 17:14:07 [http-nio-1111-exec-6] INFO  main.service.TrainService -
				get train with
2022-05-12 17:14:11 [http-nio-1111-exec-8] INFO  main.service.TrainService -
				checking train with
2022-05-12 17:14:11 [http-nio-1111-exec-8] INFO  main.service.TrainService -
				get train with
2022-05-12 17:14:11 [http-nio-1111-exec-7] INFO  main.service.TrainService -
				checking train with
2022-05-12 17:14:11 [http-nio-1111-exec-7] INFO  main.service.TrainService -
				get train with
2022-05-12 21:17:51 [http-nio-1111-exec-2] INFO  main.service.TrainService -
				checking train with
2022-05-12 21:17:51 [http-nio-1111-exec-2] INFO  main.service.TrainService -
				get train with
2022-05-12 21:17:52 [http-nio-1111-exec-5] INFO  main.service.TrainService -
				checking train with
2022-05-12 21:17:52 [http-nio-1111-exec-5] INFO  main.service.TrainService -
				get train with
