2022-05-09 00:37:40 [http-nio-1111-exec-3] INFO  main.service.TrainService -
				checking train with
2022-05-09 00:37:40 [http-nio-1111-exec-3] INFO  main.service.TrainService -
				get train with
2022-05-09 00:43:29 [http-nio-1111-exec-5] INFO  main.service.TrainService -
				checking train with
2022-05-09 00:43:29 [http-nio-1111-exec-5] INFO  main.service.TrainService -
				get train with
2022-05-09 00:45:44 [http-nio-1111-exec-7] INFO  main.service.TrainService -
				checking train with
2022-05-09 00:45:44 [http-nio-1111-exec-7] INFO  main.service.TrainService -
				get train with
2022-05-09 00:47:04 [http-nio-1111-exec-9] INFO  main.service.TrainService -
				checking train with
2022-05-09 00:47:04 [http-nio-1111-exec-9] INFO  main.service.TrainService -
				get train with
2022-05-09 01:30:01 [http-nio-1111-exec-1] INFO  main.service.TrainService -
				checking train with
2022-05-09 01:30:01 [http-nio-1111-exec-1] INFO  main.service.TrainService -
				get train with
2022-05-09 01:31:08 [http-nio-1111-exec-3] INFO  main.service.TrainService -
				checking train with
2022-05-09 01:31:08 [http-nio-1111-exec-3] INFO  main.service.TrainService -
				get train with
2022-05-09 01:31:44 [http-nio-1111-exec-4] INFO  main.service.TrainService -
				checking train with
2022-05-09 01:31:44 [http-nio-1111-exec-4] INFO  main.service.TrainService -
				get train with
2022-05-09 01:37:46 [http-nio-1111-exec-6] INFO  main.service.TrainService -
				checking train with
2022-05-09 01:37:46 [http-nio-1111-exec-6] INFO  main.service.TrainService -
				get train with
2022-05-09 01:38:22 [http-nio-1111-exec-8] INFO  main.service.TrainService -
				checking train with
2022-05-09 01:38:22 [http-nio-1111-exec-8] INFO  main.service.TrainService -
				get train with
2022-05-09 01:38:58 [http-nio-1111-exec-10] INFO  main.service.TrainService -
				checking train with
2022-05-09 01:38:58 [http-nio-1111-exec-10] INFO  main.service.TrainService -
				get train with
2022-05-09 01:39:34 [http-nio-1111-exec-1] INFO  main.service.TrainService -
				checking train with
2022-05-09 01:39:34 [http-nio-1111-exec-1] INFO  main.service.TrainService -
				get train with
2022-05-09 01:41:55 [http-nio-1111-exec-3] INFO  main.service.TrainService -
				checking train with
2022-05-09 01:41:55 [http-nio-1111-exec-3] INFO  main.service.TrainService -
				get train with
2022-05-09 01:50:39 [http-nio-1111-exec-6] INFO  main.service.TrainService -
				checking train with
2022-05-09 01:50:39 [http-nio-1111-exec-6] INFO  main.service.TrainService -
				get train with
2022-05-09 01:51:21 [http-nio-1111-exec-8] INFO  main.service.TrainService -
				checking train with
2022-05-09 01:51:21 [http-nio-1111-exec-8] INFO  main.service.TrainService -
				get train with
2022-05-09 01:52:30 [http-nio-1111-exec-10] INFO  main.service.TrainService -
				checking train with
2022-05-09 01:52:30 [http-nio-1111-exec-10] INFO  main.service.TrainService -
				get train with
2022-05-09 01:53:14 [http-nio-1111-exec-2] INFO  main.service.TrainService -
				checking train with
2022-05-09 01:53:14 [http-nio-1111-exec-2] INFO  main.service.TrainService -
				get train with
2022-05-09 01:54:08 [http-nio-1111-exec-4] INFO  main.service.TrainService -
				checking train with
2022-05-09 01:54:08 [http-nio-1111-exec-4] INFO  main.service.TrainService -
				get train with
2022-05-09 01:54:16 [http-nio-1111-exec-6] INFO  main.service.TrainService -
				checking train with
2022-05-09 01:54:16 [http-nio-1111-exec-6] INFO  main.service.TrainService -
				get train with
2022-05-09 01:56:00 [http-nio-1111-exec-8] INFO  main.service.TrainService -
				checking train with
2022-05-09 01:56:00 [http-nio-1111-exec-8] INFO  main.service.TrainService -
				get train with
2022-05-09 01:56:23 [http-nio-1111-exec-10] INFO  main.service.TrainService -
				checking train with
2022-05-09 01:56:23 [http-nio-1111-exec-10] INFO  main.service.TrainService -
				get train with
2022-05-09 01:58:08 [http-nio-1111-exec-2] INFO  main.service.TrainService -
				checking train with
2022-05-09 01:58:08 [http-nio-1111-exec-2] INFO  main.service.TrainService -
				get train with
2022-05-09 02:03:34 [http-nio-1111-exec-4] INFO  main.service.TrainService -
				checking train with
2022-05-09 02:03:34 [http-nio-1111-exec-4] INFO  main.service.TrainService -
				get train with
2022-05-09 02:05:27 [http-nio-1111-exec-6] INFO  main.service.TrainService -
				checking train with
2022-05-09 02:05:27 [http-nio-1111-exec-6] INFO  main.service.TrainService -
				get train with
2022-05-09 02:06:10 [http-nio-1111-exec-8] INFO  main.service.TrainService -
				checking train with
2022-05-09 02:06:10 [http-nio-1111-exec-8] INFO  main.service.TrainService -
				get train with
2022-05-09 02:07:14 [http-nio-1111-exec-10] INFO  main.service.TrainService -
				checking train with
2022-05-09 02:07:14 [http-nio-1111-exec-10] INFO  main.service.TrainService -
				get train with
2022-05-09 02:08:58 [http-nio-1111-exec-2] INFO  main.service.TrainService -
				checking train with
2022-05-09 02:08:58 [http-nio-1111-exec-2] INFO  main.service.TrainService -
				get train with
2022-05-09 02:14:03 [http-nio-1111-exec-4] INFO  main.service.TrainService -
				checking train with
2022-05-09 02:14:03 [http-nio-1111-exec-4] INFO  main.service.TrainService -
				get train with
2022-05-09 02:15:22 [http-nio-1111-exec-6] INFO  main.service.TrainService -
				checking train with
2022-05-09 02:15:22 [http-nio-1111-exec-6] INFO  main.service.TrainService -
				get train with
2022-05-09 02:16:48 [http-nio-1111-exec-8] INFO  main.service.TrainService -
				checking if its empty or not
2022-05-09 02:16:48 [http-nio-1111-exec-8] INFO  main.service.TrainService -
				Not empty and return list of trains
2022-05-09 02:21:29 [http-nio-1111-exec-10] INFO  main.service.TrainService -
				checking train with
2022-05-09 02:21:29 [http-nio-1111-exec-10] INFO  main.service.TrainService -
				get train with
2022-05-09 02:23:15 [http-nio-1111-exec-2] INFO  main.service.TrainService -
				checking train with
2022-05-09 02:23:15 [http-nio-1111-exec-2] INFO  main.service.TrainService -
				get train with
2022-05-09 02:23:37 [http-nio-1111-exec-4] INFO  main.service.TrainService -
				checking train with
2022-05-09 02:23:37 [http-nio-1111-exec-4] INFO  main.service.TrainService -
				get train with
2022-05-09 02:38:52 [http-nio-1111-exec-6] INFO  main.service.TrainService -
				checking train with
2022-05-09 02:38:52 [http-nio-1111-exec-6] INFO  main.service.TrainService -
				get train with
2022-05-09 02:41:52 [http-nio-1111-exec-8] INFO  main.service.TrainService -
				checking trains between Hyderabad and Mumbai
2022-05-09 02:41:52 [http-nio-1111-exec-8] INFO  main.service.TrainService -
				getting list of trains between Hyderabad and Mumbai
2022-05-09 02:44:23 [http-nio-1111-exec-10] INFO  main.service.TrainService -
				checking trains between Hyderabad and Mumbai
2022-05-09 02:44:23 [http-nio-1111-exec-10] INFO  main.service.TrainService -
				getting list of trains between Hyderabad and Mumbai
2022-05-09 02:45:25 [http-nio-1111-exec-2] INFO  main.service.TrainService -
				checking trains between Hyderabad and Mumbai
2022-05-09 02:45:25 [http-nio-1111-exec-2] INFO  main.service.TrainService -
				getting list of trains between Hyderabad and Mumbai
2022-05-09 02:45:28 [http-nio-1111-exec-4] INFO  main.service.TrainService -
				checking train with
2022-05-09 02:45:28 [http-nio-1111-exec-4] INFO  main.service.TrainService -
				get train with
2022-05-09 02:49:05 [http-nio-1111-exec-6] INFO  main.service.TrainService -
				checking train with
2022-05-09 02:49:05 [http-nio-1111-exec-6] INFO  main.service.TrainService -
				get train with
2022-05-09 02:49:55 [http-nio-1111-exec-8] INFO  main.service.TrainService -
				checking train with
2022-05-09 02:49:55 [http-nio-1111-exec-8] INFO  main.service.TrainService -
				get train with
2022-05-09 02:56:56 [http-nio-1111-exec-10] INFO  main.service.TrainService -
				checking train with
2022-05-09 02:56:56 [http-nio-1111-exec-10] INFO  main.service.TrainService -
				get train with
2022-05-09 14:48:58 [http-nio-1111-exec-2] INFO  main.service.TrainService -
				checking trains between Hyderabad and Mumbai
2022-05-09 14:48:58 [http-nio-1111-exec-2] INFO  main.service.TrainService -
				getting list of trains between Hyderabad and Mumbai
2022-05-09 14:49:49 [http-nio-1111-exec-4] INFO  main.service.TrainService -
				checking train with
2022-05-09 14:49:49 [http-nio-1111-exec-4] INFO  main.service.TrainService -
				get train with
2022-05-09 15:29:29 [http-nio-1111-exec-6] INFO  main.service.TrainService -
				checking train with
2022-05-09 15:29:30 [http-nio-1111-exec-6] INFO  main.service.TrainService -
				get train with
2022-05-09 15:29:36 [http-nio-1111-exec-7] INFO  main.service.TrainService -
				checking train with
2022-05-09 15:29:36 [http-nio-1111-exec-7] INFO  main.service.TrainService -
				get train with
2022-05-09 15:31:04 [http-nio-1111-exec-9] INFO  main.service.TrainService -
				checking train with
2022-05-09 15:31:04 [http-nio-1111-exec-9] INFO  main.service.TrainService -
				get train with
2022-05-09 15:35:00 [http-nio-1111-exec-1] INFO  main.service.TrainService -
				checking train with
2022-05-09 15:35:00 [http-nio-1111-exec-1] INFO  main.service.TrainService -
				get train with
2022-05-09 15:41:02 [http-nio-1111-exec-3] INFO  main.service.TrainService -
				checking train with
2022-05-09 15:41:02 [http-nio-1111-exec-3] INFO  main.service.TrainService -
				get train with
2022-05-09 15:43:21 [http-nio-1111-exec-5] INFO  main.service.TrainService -
				checking train with
2022-05-09 15:43:21 [http-nio-1111-exec-5] INFO  main.service.TrainService -
				get train with
2022-05-09 15:59:14 [http-nio-1111-exec-7] INFO  main.service.TrainService -
				checking train with
2022-05-09 15:59:14 [http-nio-1111-exec-7] INFO  main.service.TrainService -
				get train with
2022-05-09 15:59:59 [http-nio-1111-exec-9] INFO  main.service.TrainService -
				checking train with
2022-05-09 15:59:59 [http-nio-1111-exec-9] INFO  main.service.TrainService -
				get train with
2022-05-09 16:03:17 [http-nio-1111-exec-1] INFO  main.service.TrainService -
				checking train with
2022-05-09 16:03:17 [http-nio-1111-exec-1] INFO  main.service.TrainService -
				get train with
2022-05-09 16:04:18 [http-nio-1111-exec-3] INFO  main.service.TrainService -
				checking train with
2022-05-09 16:04:18 [http-nio-1111-exec-3] INFO  main.service.TrainService -
				get train with
2022-05-09 16:04:41 [http-nio-1111-exec-4] INFO  main.service.TrainService -
				checking train with
2022-05-09 16:04:41 [http-nio-1111-exec-4] INFO  main.service.TrainService -
				get train with
2022-05-09 16:05:53 [http-nio-1111-exec-6] INFO  main.service.TrainService -
				checking train with
2022-05-09 16:05:53 [http-nio-1111-exec-6] INFO  main.service.TrainService -
				get train with
2022-05-09 16:08:25 [http-nio-1111-exec-8] INFO  main.service.TrainService -
				checking train with
2022-05-09 16:08:25 [http-nio-1111-exec-8] INFO  main.service.TrainService -
				get train with
2022-05-09 16:22:35 [http-nio-1111-exec-10] INFO  main.service.TrainService -
				checking train with
2022-05-09 16:22:35 [http-nio-1111-exec-10] INFO  main.service.TrainService -
				get train with
2022-05-09 16:23:00 [http-nio-1111-exec-2] INFO  main.service.TrainService -
				checking train with
2022-05-09 16:23:00 [http-nio-1111-exec-2] INFO  main.service.TrainService -
				get train with
2022-05-09 16:23:38 [http-nio-1111-exec-4] INFO  main.service.TrainService -
				checking train with
2022-05-09 16:23:38 [http-nio-1111-exec-4] INFO  main.service.TrainService -
				get train with
2022-05-09 16:24:29 [http-nio-1111-exec-6] INFO  main.service.TrainService -
				checking train with
2022-05-09 16:24:29 [http-nio-1111-exec-6] INFO  main.service.TrainService -
				get train with
2022-05-09 16:33:48 [http-nio-1111-exec-8] INFO  main.service.TrainService -
				checking train with
2022-05-09 16:33:48 [http-nio-1111-exec-8] INFO  main.service.TrainService -
				get train with
2022-05-09 16:34:17 [http-nio-1111-exec-10] INFO  main.service.TrainService -
				checking train with
2022-05-09 16:34:17 [http-nio-1111-exec-10] INFO  main.service.TrainService -
				get train with
2022-05-09 16:37:44 [http-nio-1111-exec-2] INFO  main.service.TrainService -
				checking train with
2022-05-09 16:37:44 [http-nio-1111-exec-2] INFO  main.service.TrainService -
				get train with
2022-05-09 16:38:19 [http-nio-1111-exec-4] INFO  main.service.TrainService -
				checking train with
2022-05-09 16:38:19 [http-nio-1111-exec-4] INFO  main.service.TrainService -
				get train with
2022-05-09 16:38:45 [http-nio-1111-exec-6] INFO  main.service.TrainService -
				checking train with
2022-05-09 16:38:45 [http-nio-1111-exec-6] INFO  main.service.TrainService -
				get train with
2022-05-09 16:39:32 [http-nio-1111-exec-8] INFO  main.service.TrainService -
				checking train with
2022-05-09 16:39:32 [http-nio-1111-exec-8] INFO  main.service.TrainService -
				get train with
