2022-05-08 12:54:17 [main] INFO  main.RailwayTrainServiceApplication -
				Starting RailwayTrainServiceApplication using Java 17.0.1 on DESKTOP-DJEPOOM with PID 10528 (C:\Users\APPLE\git\Online-Railway-reservation-System\Railway-Train-service\target\classes started by APPLE in C:\Users\APPLE\git\Online-Railway-reservation-System\Railway-Train-service)
2022-05-08 12:54:17 [main] DEBUG main.RailwayTrainServiceApplication -
				Running with Spring Boot v2.6.7, Spring v5.3.19
2022-05-08 12:54:17 [main] INFO  main.RailwayTrainServiceApplication -
				No active profile set, falling back to 1 default profile: "default"
2022-05-08 12:54:30 [main] INFO  main.RailwayTrainServiceApplication -
				Started RailwayTrainServiceApplication in 13.575 seconds (JVM running for 14.91)
2022-05-08 12:57:29 [http-nio-1111-exec-1] INFO  main.service.TrainService -
				checking trains between Hyderabad and Mumbai
2022-05-08 12:57:29 [http-nio-1111-exec-1] INFO  main.service.TrainService -
				getting list of trains between Hyderabad and Mumbai
2022-05-08 12:57:41 [http-nio-1111-exec-3] INFO  main.service.TrainService -
				checking train with
2022-05-08 12:57:41 [http-nio-1111-exec-3] INFO  main.service.TrainService -
				get train with
2022-05-08 12:59:23 [http-nio-1111-exec-4] INFO  main.service.TrainService -
				checking train with
2022-05-08 12:59:23 [http-nio-1111-exec-4] INFO  main.service.TrainService -
				get train with
2022-05-08 12:59:41 [http-nio-1111-exec-9] INFO  main.service.TrainService -
				checking trains between Hyderabad and Mumbai
2022-05-08 12:59:41 [http-nio-1111-exec-9] INFO  main.service.TrainService -
				getting list of trains between Hyderabad and Mumbai
2022-05-08 12:59:44 [http-nio-1111-exec-10] INFO  main.service.TrainService -
				checking train with
2022-05-08 12:59:44 [http-nio-1111-exec-10] INFO  main.service.TrainService -
				get train with
2022-05-08 13:00:50 [http-nio-1111-exec-7] INFO  main.service.TrainService -
				checking train with
2022-05-08 13:00:50 [http-nio-1111-exec-7] INFO  main.service.TrainService -
				get train with
2022-05-08 13:01:31 [http-nio-1111-exec-2] INFO  main.service.TrainService -
				checking train with
2022-05-08 13:01:31 [http-nio-1111-exec-2] INFO  main.service.TrainService -
				get train with
2022-05-08 13:01:56 [http-nio-1111-exec-5] INFO  main.service.TrainService -
				checking train with
2022-05-08 13:01:56 [http-nio-1111-exec-5] INFO  main.service.TrainService -
				get train with
2022-05-08 13:02:36 [http-nio-1111-exec-6] INFO  main.service.TrainService -
				checking train with
2022-05-08 13:02:36 [http-nio-1111-exec-6] INFO  main.service.TrainService -
				get train with
2022-05-08 13:02:54 [http-nio-1111-exec-10] INFO  main.service.TrainService -
				checking train with
2022-05-08 13:02:54 [http-nio-1111-exec-10] INFO  main.service.TrainService -
				get train with
2022-05-08 13:03:06 [http-nio-1111-exec-7] INFO  main.service.TrainService -
				checking train with
2022-05-08 13:03:06 [http-nio-1111-exec-7] INFO  main.service.TrainService -
				get train with
2022-05-08 13:03:43 [http-nio-1111-exec-2] INFO  main.service.TrainService -
				checking train with
2022-05-08 13:03:43 [http-nio-1111-exec-2] INFO  main.service.TrainService -
				get train with
2022-05-08 13:03:52 [http-nio-1111-exec-5] INFO  main.service.TrainService -
				checking train with
2022-05-08 13:03:52 [http-nio-1111-exec-5] INFO  main.service.TrainService -
				get train with
2022-05-08 13:04:25 [http-nio-1111-exec-6] INFO  main.service.TrainService -
				checking train with
2022-05-08 13:04:25 [http-nio-1111-exec-6] INFO  main.service.TrainService -
				get train with
2022-05-08 13:04:43 [http-nio-1111-exec-10] INFO  main.service.TrainService -
				checking train with
2022-05-08 13:04:43 [http-nio-1111-exec-10] INFO  main.service.TrainService -
				get train with
2022-05-08 13:06:28 [http-nio-1111-exec-7] INFO  main.service.TrainService -
				checking train with
2022-05-08 13:06:28 [http-nio-1111-exec-7] INFO  main.service.TrainService -
				get train with
2022-05-08 13:06:52 [http-nio-1111-exec-2] INFO  main.service.TrainService -
				checking train with
2022-05-08 13:06:52 [http-nio-1111-exec-2] INFO  main.service.TrainService -
				get train with
2022-05-08 13:07:35 [http-nio-1111-exec-5] INFO  main.service.TrainService -
				checking train with
2022-05-08 13:07:35 [http-nio-1111-exec-5] INFO  main.service.TrainService -
				get train with
2022-05-08 13:10:53 [http-nio-1111-exec-6] INFO  main.service.TrainService -
				checking train with
2022-05-08 13:10:53 [http-nio-1111-exec-6] INFO  main.service.TrainService -
				get train with
2022-05-08 13:11:13 [http-nio-1111-exec-10] INFO  main.service.TrainService -
				checking train with
2022-05-08 13:11:13 [http-nio-1111-exec-10] INFO  main.service.TrainService -
				get train with
2022-05-08 13:11:46 [http-nio-1111-exec-7] INFO  main.service.TrainService -
				checking train with
2022-05-08 13:11:46 [http-nio-1111-exec-7] INFO  main.service.TrainService -
				get train with
2022-05-08 13:12:29 [http-nio-1111-exec-2] INFO  main.service.TrainService -
				checking train with
2022-05-08 13:12:29 [http-nio-1111-exec-2] INFO  main.service.TrainService -
				get train with
2022-05-08 13:13:56 [http-nio-1111-exec-5] INFO  main.service.TrainService -
				checking train with
2022-05-08 13:13:56 [http-nio-1111-exec-5] INFO  main.service.TrainService -
				get train with
2022-05-08 13:15:12 [http-nio-1111-exec-6] INFO  main.service.TrainService -
				checking train with
2022-05-08 13:15:12 [http-nio-1111-exec-6] INFO  main.service.TrainService -
				get train with
2022-05-08 13:22:29 [http-nio-1111-exec-10] INFO  main.service.TrainService -
				checking train with
2022-05-08 13:22:29 [http-nio-1111-exec-10] INFO  main.service.TrainService -
				get train with
2022-05-08 13:22:50 [http-nio-1111-exec-7] INFO  main.service.TrainService -
				checking train with
2022-05-08 13:22:50 [http-nio-1111-exec-7] INFO  main.service.TrainService -
				get train with
2022-05-08 13:24:12 [http-nio-1111-exec-2] INFO  main.service.TrainService -
				checking train with
2022-05-08 13:24:12 [http-nio-1111-exec-2] INFO  main.service.TrainService -
				get train with
2022-05-08 13:34:49 [http-nio-1111-exec-5] INFO  main.service.TrainService -
				checking train with
2022-05-08 13:34:49 [http-nio-1111-exec-5] INFO  main.service.TrainService -
				get train with
2022-05-08 13:35:34 [http-nio-1111-exec-6] INFO  main.service.TrainService -
				checking train with
2022-05-08 13:35:36 [http-nio-1111-exec-6] INFO  main.service.TrainService -
				get train with
2022-05-08 13:36:13 [http-nio-1111-exec-10] INFO  main.service.TrainService -
				checking train with
2022-05-08 13:36:13 [http-nio-1111-exec-10] INFO  main.service.TrainService -
				get train with
2022-05-08 13:37:07 [http-nio-1111-exec-7] INFO  main.service.TrainService -
				checking train with
2022-05-08 13:37:07 [http-nio-1111-exec-7] INFO  main.service.TrainService -
				get train with
2022-05-08 13:37:33 [http-nio-1111-exec-2] INFO  main.service.TrainService -
				checking train with
2022-05-08 13:37:33 [http-nio-1111-exec-2] INFO  main.service.TrainService -
				get train with
2022-05-08 13:37:55 [http-nio-1111-exec-5] INFO  main.service.TrainService -
				checking train with
2022-05-08 13:37:55 [http-nio-1111-exec-5] INFO  main.service.TrainService -
				get train with
2022-05-08 13:38:36 [http-nio-1111-exec-6] INFO  main.service.TrainService -
				checking train with
2022-05-08 13:38:36 [http-nio-1111-exec-6] INFO  main.service.TrainService -
				get train with
2022-05-08 13:42:16 [http-nio-1111-exec-10] INFO  main.service.TrainService -
				checking train with
2022-05-08 13:42:16 [http-nio-1111-exec-10] INFO  main.service.TrainService -
				get train with
2022-05-08 13:43:12 [http-nio-1111-exec-7] INFO  main.service.TrainService -
				checking train with
2022-05-08 13:43:12 [http-nio-1111-exec-7] INFO  main.service.TrainService -
				get train with
2022-05-08 13:43:43 [http-nio-1111-exec-2] INFO  main.service.TrainService -
				checking train with
2022-05-08 13:43:43 [http-nio-1111-exec-2] INFO  main.service.TrainService -
				get train with
2022-05-08 13:44:07 [http-nio-1111-exec-5] INFO  main.service.TrainService -
				checking train with
2022-05-08 13:44:07 [http-nio-1111-exec-5] INFO  main.service.TrainService -
				get train with
2022-05-08 13:44:40 [http-nio-1111-exec-6] INFO  main.service.TrainService -
				checking train with
2022-05-08 13:44:40 [http-nio-1111-exec-6] INFO  main.service.TrainService -
				get train with
2022-05-08 13:45:02 [http-nio-1111-exec-10] INFO  main.service.TrainService -
				checking train with
2022-05-08 13:45:02 [http-nio-1111-exec-10] INFO  main.service.TrainService -
				get train with
2022-05-08 13:45:09 [http-nio-1111-exec-7] INFO  main.service.TrainService -
				checking train with
2022-05-08 13:45:09 [http-nio-1111-exec-7] INFO  main.service.TrainService -
				get train with
2022-05-08 13:45:14 [http-nio-1111-exec-1] INFO  main.service.TrainService -
				checking train with
2022-05-08 13:45:14 [http-nio-1111-exec-1] INFO  main.service.TrainService -
				get train with
2022-05-08 13:45:50 [http-nio-1111-exec-3] INFO  main.service.TrainService -
				checking train with
2022-05-08 13:45:50 [http-nio-1111-exec-3] INFO  main.service.TrainService -
				get train with
2022-05-08 13:46:17 [http-nio-1111-exec-4] INFO  main.service.TrainService -
				checking train with
2022-05-08 13:46:17 [http-nio-1111-exec-4] INFO  main.service.TrainService -
				get train with
2022-05-08 13:46:32 [http-nio-1111-exec-9] INFO  main.service.TrainService -
				checking train with
2022-05-08 13:46:32 [http-nio-1111-exec-9] INFO  main.service.TrainService -
				get train with
2022-05-08 13:46:54 [http-nio-1111-exec-8] INFO  main.service.TrainService -
				checking train with
2022-05-08 13:46:54 [http-nio-1111-exec-8] INFO  main.service.TrainService -
				get train with
2022-05-08 13:47:19 [http-nio-1111-exec-1] INFO  main.service.TrainService -
				checking train with
2022-05-08 13:47:19 [http-nio-1111-exec-1] INFO  main.service.TrainService -
				get train with
2022-05-08 13:48:12 [http-nio-1111-exec-3] INFO  main.service.TrainService -
				checking train with
2022-05-08 13:48:12 [http-nio-1111-exec-3] INFO  main.service.TrainService -
				get train with
2022-05-08 13:48:22 [http-nio-1111-exec-4] INFO  main.service.TrainService -
				checking train with
2022-05-08 13:48:22 [http-nio-1111-exec-4] INFO  main.service.TrainService -
				get train with
2022-05-08 13:49:15 [http-nio-1111-exec-9] INFO  main.service.TrainService -
				checking train with
2022-05-08 13:49:15 [http-nio-1111-exec-9] INFO  main.service.TrainService -
				get train with
2022-05-08 13:49:24 [http-nio-1111-exec-8] INFO  main.service.TrainService -
				checking train with
2022-05-08 13:49:24 [http-nio-1111-exec-8] INFO  main.service.TrainService -
				get train with
2022-05-08 13:50:05 [http-nio-1111-exec-1] INFO  main.service.TrainService -
				checking train with
2022-05-08 13:50:05 [http-nio-1111-exec-1] INFO  main.service.TrainService -
				get train with
2022-05-08 13:50:24 [http-nio-1111-exec-3] INFO  main.service.TrainService -
				checking train with
2022-05-08 13:50:24 [http-nio-1111-exec-3] INFO  main.service.TrainService -
				get train with
2022-05-08 13:51:30 [http-nio-1111-exec-4] INFO  main.service.TrainService -
				checking train with
2022-05-08 13:51:30 [http-nio-1111-exec-4] INFO  main.service.TrainService -
				get train with
2022-05-08 13:52:48 [http-nio-1111-exec-9] INFO  main.service.TrainService -
				checking train with
2022-05-08 13:52:48 [http-nio-1111-exec-9] INFO  main.service.TrainService -
				get train with
2022-05-08 13:53:41 [http-nio-1111-exec-8] INFO  main.service.TrainService -
				checking train with
2022-05-08 13:53:41 [http-nio-1111-exec-8] INFO  main.service.TrainService -
				get train with
2022-05-08 13:54:12 [http-nio-1111-exec-1] INFO  main.service.TrainService -
				checking train with
2022-05-08 13:54:12 [http-nio-1111-exec-1] INFO  main.service.TrainService -
				get train with
2022-05-08 13:54:25 [http-nio-1111-exec-3] INFO  main.service.TrainService -
				checking train with
2022-05-08 13:54:25 [http-nio-1111-exec-3] INFO  main.service.TrainService -
				get train with
2022-05-08 13:55:00 [http-nio-1111-exec-4] INFO  main.service.TrainService -
				checking train with
2022-05-08 13:55:00 [http-nio-1111-exec-4] INFO  main.service.TrainService -
				get train with
2022-05-08 13:55:15 [http-nio-1111-exec-9] INFO  main.service.TrainService -
				checking train with
2022-05-08 13:55:15 [http-nio-1111-exec-9] INFO  main.service.TrainService -
				get train with
2022-05-08 13:55:31 [http-nio-1111-exec-8] INFO  main.service.TrainService -
				checking train with
2022-05-08 13:55:31 [http-nio-1111-exec-8] INFO  main.service.TrainService -
				get train with
2022-05-08 13:55:43 [http-nio-1111-exec-1] INFO  main.service.TrainService -
				checking train with
2022-05-08 13:55:43 [http-nio-1111-exec-1] INFO  main.service.TrainService -
				get train with
2022-05-08 14:00:07 [http-nio-1111-exec-3] INFO  main.service.TrainService -
				checking train with
2022-05-08 14:00:07 [http-nio-1111-exec-3] INFO  main.service.TrainService -
				get train with
2022-05-08 14:01:19 [http-nio-1111-exec-4] INFO  main.service.TrainService -
				checking train with
2022-05-08 14:01:19 [http-nio-1111-exec-4] INFO  main.service.TrainService -
				get train with
2022-05-08 14:02:08 [http-nio-1111-exec-6] INFO  main.service.TrainService -
				checking train with
2022-05-08 14:02:08 [http-nio-1111-exec-6] INFO  main.service.TrainService -
				get train with
2022-05-08 14:02:46 [http-nio-1111-exec-9] INFO  main.service.TrainService -
				checking train with
2022-05-08 14:02:46 [http-nio-1111-exec-9] INFO  main.service.TrainService -
				get train with
2022-05-08 14:04:37 [http-nio-1111-exec-8] INFO  main.service.TrainService -
				checking train with
2022-05-08 14:04:37 [http-nio-1111-exec-8] INFO  main.service.TrainService -
				get train with
2022-05-08 14:05:15 [http-nio-1111-exec-7] INFO  main.service.TrainService -
				checking train with
2022-05-08 14:05:15 [http-nio-1111-exec-7] INFO  main.service.TrainService -
				get train with
2022-05-08 14:10:13 [http-nio-1111-exec-2] INFO  main.service.TrainService -
				checking train with
2022-05-08 14:10:13 [http-nio-1111-exec-2] INFO  main.service.TrainService -
				get train with
2022-05-08 14:10:32 [http-nio-1111-exec-3] INFO  main.service.TrainService -
				checking train with
2022-05-08 14:10:32 [http-nio-1111-exec-3] INFO  main.service.TrainService -
				get train with
2022-05-08 14:11:02 [http-nio-1111-exec-5] INFO  main.service.TrainService -
				checking train with
2022-05-08 14:11:02 [http-nio-1111-exec-5] INFO  main.service.TrainService -
				get train with
2022-05-08 14:12:27 [http-nio-1111-exec-6] INFO  main.service.TrainService -
				checking train with
2022-05-08 14:12:27 [http-nio-1111-exec-6] INFO  main.service.TrainService -
				get train with
2022-05-08 14:13:22 [http-nio-1111-exec-9] INFO  main.service.TrainService -
				checking train with
2022-05-08 14:13:22 [http-nio-1111-exec-9] INFO  main.service.TrainService -
				get train with
2022-05-08 14:13:53 [http-nio-1111-exec-10] INFO  main.service.TrainService -
				checking train with
2022-05-08 14:13:53 [http-nio-1111-exec-10] INFO  main.service.TrainService -
				get train with
2022-05-08 14:14:02 [http-nio-1111-exec-8] INFO  main.service.TrainService -
				checking train with
2022-05-08 14:14:02 [http-nio-1111-exec-8] INFO  main.service.TrainService -
				get train with
2022-05-08 14:14:14 [http-nio-1111-exec-7] INFO  main.service.TrainService -
				checking train with
2022-05-08 14:14:14 [http-nio-1111-exec-7] INFO  main.service.TrainService -
				get train with
2022-05-08 14:14:35 [http-nio-1111-exec-1] INFO  main.service.TrainService -
				checking train with
2022-05-08 14:14:35 [http-nio-1111-exec-1] INFO  main.service.TrainService -
				get train with
2022-05-08 14:15:34 [http-nio-1111-exec-2] INFO  main.service.TrainService -
				checking train with
2022-05-08 14:15:34 [http-nio-1111-exec-2] INFO  main.service.TrainService -
				get train with
2022-05-08 14:15:54 [http-nio-1111-exec-3] INFO  main.service.TrainService -
				checking train with
2022-05-08 14:15:54 [http-nio-1111-exec-3] INFO  main.service.TrainService -
				get train with
2022-05-08 14:16:22 [http-nio-1111-exec-5] INFO  main.service.TrainService -
				checking train with
2022-05-08 14:16:22 [http-nio-1111-exec-5] INFO  main.service.TrainService -
				get train with
2022-05-08 14:17:05 [http-nio-1111-exec-6] INFO  main.service.TrainService -
				checking train with
2022-05-08 14:17:05 [http-nio-1111-exec-6] INFO  main.service.TrainService -
				get train with
2022-05-08 14:17:21 [http-nio-1111-exec-9] INFO  main.service.TrainService -
				checking train with
2022-05-08 14:17:21 [http-nio-1111-exec-9] INFO  main.service.TrainService -
				get train with
2022-05-08 14:17:38 [http-nio-1111-exec-10] INFO  main.service.TrainService -
				checking train with
2022-05-08 14:17:38 [http-nio-1111-exec-10] INFO  main.service.TrainService -
				get train with
2022-05-08 14:17:57 [http-nio-1111-exec-8] INFO  main.service.TrainService -
				checking train with
2022-05-08 14:17:57 [http-nio-1111-exec-8] INFO  main.service.TrainService -
				get train with
2022-05-08 14:18:09 [http-nio-1111-exec-7] INFO  main.service.TrainService -
				checking train with
2022-05-08 14:18:09 [http-nio-1111-exec-7] INFO  main.service.TrainService -
				get train with
2022-05-08 14:18:20 [http-nio-1111-exec-1] INFO  main.service.TrainService -
				checking train with
2022-05-08 14:18:20 [http-nio-1111-exec-1] INFO  main.service.TrainService -
				get train with
2022-05-08 14:20:01 [http-nio-1111-exec-3] INFO  main.service.TrainService -
				checking train with
2022-05-08 14:20:01 [http-nio-1111-exec-3] INFO  main.service.TrainService -
				get train with
2022-05-08 14:21:04 [http-nio-1111-exec-4] INFO  main.service.TrainService -
				checking train with
2022-05-08 14:21:04 [http-nio-1111-exec-4] INFO  main.service.TrainService -
				get train with
2022-05-08 14:21:26 [http-nio-1111-exec-6] INFO  main.service.TrainService -
				checking train with
2022-05-08 14:21:26 [http-nio-1111-exec-6] INFO  main.service.TrainService -
				get train with
2022-05-08 14:21:41 [http-nio-1111-exec-9] INFO  main.service.TrainService -
				checking train with
2022-05-08 14:21:41 [http-nio-1111-exec-9] INFO  main.service.TrainService -
				get train with
2022-05-08 14:22:30 [http-nio-1111-exec-10] INFO  main.service.TrainService -
				checking train with
2022-05-08 14:22:30 [http-nio-1111-exec-10] INFO  main.service.TrainService -
				get train with
2022-05-08 14:23:38 [http-nio-1111-exec-7] INFO  main.service.TrainService -
				checking train with
2022-05-08 14:23:38 [http-nio-1111-exec-7] INFO  main.service.TrainService -
				get train with
2022-05-08 14:24:03 [http-nio-1111-exec-1] INFO  main.service.TrainService -
				checking train with
2022-05-08 14:24:03 [http-nio-1111-exec-1] INFO  main.service.TrainService -
				get train with
2022-05-08 14:24:32 [http-nio-1111-exec-2] INFO  main.service.TrainService -
				checking train with
2022-05-08 14:24:32 [http-nio-1111-exec-2] INFO  main.service.TrainService -
				get train with
2022-05-08 14:24:40 [http-nio-1111-exec-3] INFO  main.service.TrainService -
				checking train with
2022-05-08 14:24:40 [http-nio-1111-exec-3] INFO  main.service.TrainService -
				get train with
2022-05-08 14:24:50 [http-nio-1111-exec-5] INFO  main.service.TrainService -
				checking train with
2022-05-08 14:24:50 [http-nio-1111-exec-5] INFO  main.service.TrainService -
				get train with
2022-05-08 14:25:02 [http-nio-1111-exec-4] INFO  main.service.TrainService -
				checking train with
2022-05-08 14:25:02 [http-nio-1111-exec-4] INFO  main.service.TrainService -
				get train with
2022-05-08 14:27:01 [http-nio-1111-exec-9] INFO  main.service.TrainService -
				checking train with
2022-05-08 14:27:01 [http-nio-1111-exec-9] INFO  main.service.TrainService -
				get train with
2022-05-08 14:27:15 [http-nio-1111-exec-10] INFO  main.service.TrainService -
				checking train with
2022-05-08 14:27:15 [http-nio-1111-exec-10] INFO  main.service.TrainService -
				get train with
2022-05-08 14:27:29 [http-nio-1111-exec-8] INFO  main.service.TrainService -
				checking train with
2022-05-08 14:27:29 [http-nio-1111-exec-8] INFO  main.service.TrainService -
				get train with
2022-05-08 14:27:42 [http-nio-1111-exec-7] INFO  main.service.TrainService -
				checking train with
2022-05-08 14:27:42 [http-nio-1111-exec-7] INFO  main.service.TrainService -
				get train with
2022-05-08 14:29:21 [http-nio-1111-exec-2] INFO  main.service.TrainService -
				checking train with
2022-05-08 14:29:21 [http-nio-1111-exec-2] INFO  main.service.TrainService -
				get train with
2022-05-08 14:29:55 [http-nio-1111-exec-3] INFO  main.service.TrainService -
				checking train with
2022-05-08 14:29:55 [http-nio-1111-exec-3] INFO  main.service.TrainService -
				get train with
2022-05-08 14:30:14 [http-nio-1111-exec-5] INFO  main.service.TrainService -
				checking train with
2022-05-08 14:30:14 [http-nio-1111-exec-5] INFO  main.service.TrainService -
				get train with
2022-05-08 14:30:27 [http-nio-1111-exec-4] INFO  main.service.TrainService -
				checking train with
2022-05-08 14:30:27 [http-nio-1111-exec-4] INFO  main.service.TrainService -
				get train with
2022-05-08 14:30:42 [http-nio-1111-exec-6] INFO  main.service.TrainService -
				checking train with
2022-05-08 14:30:42 [http-nio-1111-exec-6] INFO  main.service.TrainService -
				get train with
2022-05-08 14:31:11 [http-nio-1111-exec-9] INFO  main.service.TrainService -
				checking train with
2022-05-08 14:31:11 [http-nio-1111-exec-9] INFO  main.service.TrainService -
				get train with
2022-05-08 14:31:51 [http-nio-1111-exec-10] INFO  main.service.TrainService -
				checking train with
2022-05-08 14:31:51 [http-nio-1111-exec-10] INFO  main.service.TrainService -
				get train with
2022-05-08 14:32:05 [http-nio-1111-exec-8] INFO  main.service.TrainService -
				checking train with
2022-05-08 14:32:05 [http-nio-1111-exec-8] INFO  main.service.TrainService -
				get train with
2022-05-08 14:32:12 [http-nio-1111-exec-7] INFO  main.service.TrainService -
				checking train with
2022-05-08 14:32:12 [http-nio-1111-exec-7] INFO  main.service.TrainService -
				get train with
2022-05-08 14:32:34 [http-nio-1111-exec-1] INFO  main.service.TrainService -
				checking train with
2022-05-08 14:32:34 [http-nio-1111-exec-1] INFO  main.service.TrainService -
				get train with
2022-05-08 14:32:54 [http-nio-1111-exec-2] INFO  main.service.TrainService -
				checking train with
2022-05-08 14:32:54 [http-nio-1111-exec-2] INFO  main.service.TrainService -
				get train with
2022-05-08 14:33:09 [http-nio-1111-exec-3] INFO  main.service.TrainService -
				checking train with
2022-05-08 14:33:09 [http-nio-1111-exec-3] INFO  main.service.TrainService -
				get train with
2022-05-08 14:33:24 [http-nio-1111-exec-5] INFO  main.service.TrainService -
				checking train with
2022-05-08 14:33:24 [http-nio-1111-exec-5] INFO  main.service.TrainService -
				get train with
2022-05-08 14:33:56 [http-nio-1111-exec-4] INFO  main.service.TrainService -
				checking train with
2022-05-08 14:33:56 [http-nio-1111-exec-4] INFO  main.service.TrainService -
				get train with
2022-05-08 14:34:21 [http-nio-1111-exec-6] INFO  main.service.TrainService -
				checking train with
2022-05-08 14:34:21 [http-nio-1111-exec-6] INFO  main.service.TrainService -
				get train with
2022-05-08 14:34:39 [http-nio-1111-exec-10] INFO  main.service.TrainService -
				checking train with
2022-05-08 14:34:39 [http-nio-1111-exec-10] INFO  main.service.TrainService -
				get train with
2022-05-08 14:34:47 [http-nio-1111-exec-8] INFO  main.service.TrainService -
				checking train with
2022-05-08 14:34:47 [http-nio-1111-exec-8] INFO  main.service.TrainService -
				get train with
2022-05-08 14:34:56 [http-nio-1111-exec-7] INFO  main.service.TrainService -
				checking train with
2022-05-08 14:34:56 [http-nio-1111-exec-7] INFO  main.service.TrainService -
				get train with
2022-05-08 14:35:03 [http-nio-1111-exec-1] INFO  main.service.TrainService -
				checking train with
2022-05-08 14:35:03 [http-nio-1111-exec-1] INFO  main.service.TrainService -
				get train with
2022-05-08 14:35:13 [http-nio-1111-exec-2] INFO  main.service.TrainService -
				checking train with
2022-05-08 14:35:13 [http-nio-1111-exec-2] INFO  main.service.TrainService -
				get train with
2022-05-08 14:35:28 [http-nio-1111-exec-3] INFO  main.service.TrainService -
				checking train with
2022-05-08 14:35:28 [http-nio-1111-exec-3] INFO  main.service.TrainService -
				get train with
2022-05-08 14:35:54 [http-nio-1111-exec-5] INFO  main.service.TrainService -
				checking train with
2022-05-08 14:35:54 [http-nio-1111-exec-5] INFO  main.service.TrainService -
				get train with
2022-05-08 14:36:14 [http-nio-1111-exec-4] INFO  main.service.TrainService -
				checking train with
2022-05-08 14:36:14 [http-nio-1111-exec-4] INFO  main.service.TrainService -
				get train with
2022-05-08 14:36:40 [http-nio-1111-exec-6] INFO  main.service.TrainService -
				checking train with
2022-05-08 14:36:40 [http-nio-1111-exec-6] INFO  main.service.TrainService -
				get train with
2022-05-08 14:37:05 [http-nio-1111-exec-9] INFO  main.service.TrainService -
				checking train with
2022-05-08 14:37:05 [http-nio-1111-exec-9] INFO  main.service.TrainService -
				get train with
2022-05-08 14:37:12 [http-nio-1111-exec-10] INFO  main.service.TrainService -
				checking train with
2022-05-08 14:37:12 [http-nio-1111-exec-10] INFO  main.service.TrainService -
				get train with
2022-05-08 14:37:55 [http-nio-1111-exec-8] INFO  main.service.TrainService -
				checking train with
2022-05-08 14:37:55 [http-nio-1111-exec-8] INFO  main.service.TrainService -
				get train with
2022-05-08 14:38:24 [http-nio-1111-exec-7] INFO  main.service.TrainService -
				checking train with
2022-05-08 14:38:24 [http-nio-1111-exec-7] INFO  main.service.TrainService -
				get train with
2022-05-08 14:38:38 [http-nio-1111-exec-1] INFO  main.service.TrainService -
				checking train with
2022-05-08 14:38:38 [http-nio-1111-exec-1] INFO  main.service.TrainService -
				get train with
2022-05-08 14:38:54 [http-nio-1111-exec-2] INFO  main.service.TrainService -
				checking train with
2022-05-08 14:38:54 [http-nio-1111-exec-2] INFO  main.service.TrainService -
				get train with
2022-05-08 14:39:02 [http-nio-1111-exec-3] INFO  main.service.TrainService -
				checking train with
2022-05-08 14:39:02 [http-nio-1111-exec-3] INFO  main.service.TrainService -
				get train with
2022-05-08 14:39:12 [http-nio-1111-exec-5] INFO  main.service.TrainService -
				checking train with
2022-05-08 14:39:12 [http-nio-1111-exec-5] INFO  main.service.TrainService -
				get train with
2022-05-08 14:39:25 [http-nio-1111-exec-4] INFO  main.service.TrainService -
				checking train with
2022-05-08 14:39:25 [http-nio-1111-exec-4] INFO  main.service.TrainService -
				get train with
2022-05-08 14:40:23 [http-nio-1111-exec-6] INFO  main.service.TrainService -
				checking train with
2022-05-08 14:40:23 [http-nio-1111-exec-6] INFO  main.service.TrainService -
				get train with
2022-05-08 14:40:36 [http-nio-1111-exec-9] INFO  main.service.TrainService -
				checking train with
2022-05-08 14:40:36 [http-nio-1111-exec-9] INFO  main.service.TrainService -
				get train with
2022-05-08 14:41:02 [http-nio-1111-exec-10] INFO  main.service.TrainService -
				checking train with
2022-05-08 14:41:02 [http-nio-1111-exec-10] INFO  main.service.TrainService -
				get train with
2022-05-08 14:41:19 [http-nio-1111-exec-8] INFO  main.service.TrainService -
				checking train with
2022-05-08 14:41:19 [http-nio-1111-exec-8] INFO  main.service.TrainService -
				get train with
2022-05-08 14:42:04 [http-nio-1111-exec-7] INFO  main.service.TrainService -
				checking train with
2022-05-08 14:42:04 [http-nio-1111-exec-7] INFO  main.service.TrainService -
				get train with
2022-05-08 14:42:24 [http-nio-1111-exec-1] INFO  main.service.TrainService -
				checking train with
2022-05-08 14:42:24 [http-nio-1111-exec-1] INFO  main.service.TrainService -
				get train with
2022-05-08 14:43:21 [http-nio-1111-exec-2] INFO  main.service.TrainService -
				checking train with
2022-05-08 14:43:21 [http-nio-1111-exec-2] INFO  main.service.TrainService -
				get train with
2022-05-08 14:44:04 [http-nio-1111-exec-3] INFO  main.service.TrainService -
				checking train with
2022-05-08 14:44:04 [http-nio-1111-exec-3] INFO  main.service.TrainService -
				get train with
2022-05-08 14:45:10 [http-nio-1111-exec-4] INFO  main.service.TrainService -
				checking train with
2022-05-08 14:45:10 [http-nio-1111-exec-4] INFO  main.service.TrainService -
				get train with
2022-05-08 14:45:52 [http-nio-1111-exec-9] INFO  main.service.TrainService -
				checking train with
2022-05-08 14:45:53 [http-nio-1111-exec-9] INFO  main.service.TrainService -
				get train with
2022-05-08 14:47:22 [http-nio-1111-exec-8] INFO  main.service.TrainService -
				checking train with
2022-05-08 14:47:22 [http-nio-1111-exec-8] INFO  main.service.TrainService -
				get train with
2022-05-08 14:47:40 [http-nio-1111-exec-7] INFO  main.service.TrainService -
				checking train with
2022-05-08 14:47:40 [http-nio-1111-exec-7] INFO  main.service.TrainService -
				get train with
2022-05-08 14:48:06 [http-nio-1111-exec-2] INFO  main.service.TrainService -
				checking train with
2022-05-08 14:48:06 [http-nio-1111-exec-2] INFO  main.service.TrainService -
				get train with
2022-05-08 14:48:28 [http-nio-1111-exec-5] INFO  main.service.TrainService -
				checking train with
2022-05-08 14:48:28 [http-nio-1111-exec-5] INFO  main.service.TrainService -
				get train with
2022-05-08 14:49:16 [http-nio-1111-exec-4] INFO  main.service.TrainService -
				checking train with
2022-05-08 14:49:16 [http-nio-1111-exec-4] INFO  main.service.TrainService -
				get train with
2022-05-08 14:49:32 [http-nio-1111-exec-6] INFO  main.service.TrainService -
				checking train with
2022-05-08 14:49:32 [http-nio-1111-exec-6] INFO  main.service.TrainService -
				get train with
2022-05-08 14:52:09 [http-nio-1111-exec-10] INFO  main.service.TrainService -
				checking train with
2022-05-08 14:52:09 [http-nio-1111-exec-10] INFO  main.service.TrainService -
				get train with
2022-05-08 14:52:27 [http-nio-1111-exec-8] INFO  main.service.TrainService -
				checking train with
2022-05-08 14:52:27 [http-nio-1111-exec-8] INFO  main.service.TrainService -
				get train with
2022-05-08 14:57:39 [http-nio-1111-exec-1] INFO  main.service.TrainService -
				checking train with
2022-05-08 14:57:39 [http-nio-1111-exec-1] INFO  main.service.TrainService -
				get train with
2022-05-08 14:57:53 [http-nio-1111-exec-2] INFO  main.service.TrainService -
				checking train with
2022-05-08 14:57:53 [http-nio-1111-exec-2] INFO  main.service.TrainService -
				get train with
2022-05-08 14:58:04 [http-nio-1111-exec-3] INFO  main.service.TrainService -
				checking train with
2022-05-08 14:58:04 [http-nio-1111-exec-3] INFO  main.service.TrainService -
				get train with
2022-05-08 14:58:24 [http-nio-1111-exec-5] INFO  main.service.TrainService -
				checking train with
2022-05-08 14:58:24 [http-nio-1111-exec-5] INFO  main.service.TrainService -
				get train with
2022-05-08 14:58:37 [http-nio-1111-exec-4] INFO  main.service.TrainService -
				checking train with
2022-05-08 14:58:37 [http-nio-1111-exec-4] INFO  main.service.TrainService -
				get train with
2022-05-08 15:01:34 [http-nio-1111-exec-9] INFO  main.service.TrainService -
				checking train with
2022-05-08 15:01:34 [http-nio-1111-exec-9] INFO  main.service.TrainService -
				get train with
2022-05-08 15:02:22 [http-nio-1111-exec-10] INFO  main.service.TrainService -
				checking train with
2022-05-08 15:02:22 [http-nio-1111-exec-10] INFO  main.service.TrainService -
				get train with
2022-05-08 15:04:01 [http-nio-1111-exec-7] INFO  main.service.TrainService -
				checking train with
2022-05-08 15:04:01 [http-nio-1111-exec-7] INFO  main.service.TrainService -
				get train with
2022-05-08 15:08:43 [http-nio-1111-exec-2] INFO  main.service.TrainService -
				checking train with
2022-05-08 15:08:43 [http-nio-1111-exec-2] INFO  main.service.TrainService -
				get train with
2022-05-08 15:08:51 [http-nio-1111-exec-5] INFO  main.service.TrainService -
				checking train with
2022-05-08 15:08:51 [http-nio-1111-exec-5] INFO  main.service.TrainService -
				get train with
2022-05-08 15:09:30 [http-nio-1111-exec-6] INFO  main.service.TrainService -
				checking train with
2022-05-08 15:09:30 [http-nio-1111-exec-6] INFO  main.service.TrainService -
				get train with
2022-05-08 15:10:06 [http-nio-1111-exec-10] INFO  main.service.TrainService -
				checking train with
2022-05-08 15:10:06 [http-nio-1111-exec-10] INFO  main.service.TrainService -
				get train with
2022-05-08 15:17:33 [http-nio-1111-exec-7] INFO  main.service.TrainService -
				checking train with
2022-05-08 15:17:33 [http-nio-1111-exec-7] INFO  main.service.TrainService -
				get train with
2022-05-08 23:25:05 [main] INFO  main.RailwayTrainServiceApplication -
				Starting RailwayTrainServiceApplication using Java 17.0.1 on DESKTOP-DJEPOOM with PID 9508 (C:\Users\APPLE\git\Online-Railway-reservation-System\Railway-Train-service\target\classes started by APPLE in C:\Users\APPLE\git\Online-Railway-reservation-System\Railway-Train-service)
2022-05-08 23:25:06 [main] DEBUG main.RailwayTrainServiceApplication -
				Running with Spring Boot v2.6.7, Spring v5.3.19
2022-05-08 23:25:06 [main] INFO  main.RailwayTrainServiceApplication -
				No active profile set, falling back to 1 default profile: "default"
2022-05-08 23:25:22 [main] INFO  main.RailwayTrainServiceApplication -
				Started RailwayTrainServiceApplication in 22.614 seconds (JVM running for 24.2)
2022-05-08 23:33:19 [http-nio-1111-exec-1] INFO  main.service.TrainService -
				checking trains between Hyderabad and Mumbai
2022-05-08 23:33:19 [http-nio-1111-exec-1] INFO  main.service.TrainService -
				getting list of trains between Hyderabad and Mumbai
2022-05-08 23:33:33 [http-nio-1111-exec-2] INFO  main.service.TrainService -
				checking train with
2022-05-08 23:33:33 [http-nio-1111-exec-2] INFO  main.service.TrainService -
				get train with
2022-05-08 23:43:44 [http-nio-1111-exec-4] INFO  main.service.TrainService -
				checking trains between Hyderabad and Mumbai
2022-05-08 23:43:44 [http-nio-1111-exec-4] INFO  main.service.TrainService -
				getting list of trains between Hyderabad and Mumbai
2022-05-08 23:43:51 [http-nio-1111-exec-5] INFO  main.service.TrainService -
				checking train with
2022-05-08 23:43:51 [http-nio-1111-exec-5] INFO  main.service.TrainService -
				get train with
2022-05-08 23:49:30 [http-nio-1111-exec-7] INFO  main.service.TrainService -
				checking train with
2022-05-08 23:49:30 [http-nio-1111-exec-7] INFO  main.service.TrainService -
				get train with
2022-05-08 23:51:07 [http-nio-1111-exec-9] INFO  main.service.TrainService -
				checking train with
2022-05-08 23:51:07 [http-nio-1111-exec-9] INFO  main.service.TrainService -
				get train with
2022-05-08 23:52:01 [http-nio-1111-exec-1] INFO  main.service.TrainService -
				checking train with
2022-05-08 23:52:01 [http-nio-1111-exec-1] INFO  main.service.TrainService -
				get train with
